Microsoft HTML Help Compiler 4.74.8702

Compiling c:\Crhm\Code Help\CodeHelp.chm


Compile time: 0 minutes, 0 seconds
13	Topics
16	Local links
0	Internet links
0	Graphics


Created c:\Crhm\Code Help\CodeHelp.chm, 40,483 bytes
Compression decreased file by 18,896 bytes.
Microsoft HTML Help Compiler 4.74.8702

Compiling c:\Crhm\Code Help\CodeHelp.chm


Compile time: 0 minutes, 0 seconds
13	Topics
16	Local links
0	Internet links
0	Graphics


Created c:\Crhm\Code Help\CodeHelp.chm, 40,483 bytes
Compression decreased file by 18,896 bytes.
Microsoft HTML Help Compiler 4.74.8702

Compiling c:\Crhm\Code Help\CodeHelp.chm


Compile time: 0 minutes, 0 seconds
14	Topics
17	Local links
0	Internet links
0	Graphics


Created c:\Crhm\Code Help\CodeHelp.chm, 44,007 bytes
Compression decreased file by 29,391 bytes.
