<void__fastcallTMain::FormClose(TObject*Sender,TCloseAction&Action) @@@ CRHMmain.cpp_nocom>
<void__fastcallTMain::PrjCloseClick(TObject*Sender) @@@ CRHMmain.cpp_nocom>
<void__fastcallTMain::UpDateHelpMenu(void) @@@ CRHMmain.cpp_nocom>
</void__fastcallTMain::UpDateHelpMenu(void) @@@ CRHMmain.cpp_nocom>
<void__fastcallTMain::ObsCloseClick(TObject*Sender) @@@ CRHMmain.cpp_nocom>
</void__fastcallTMain::ObsCloseClick(TObject*Sender) @@@ CRHMmain.cpp_nocom>
<void__fastcallTMain::FreeChart1(TObject*Sender) @@@ CRHMmain.cpp_nocom>
<void__fastcallTMain::ClearListBox4(TObject*Sender) @@@ CRHMmain.cpp_nocom>
</void__fastcallTMain::ClearListBox4(TObject*Sender) @@@ CRHMmain.cpp_nocom>
</void__fastcallTMain::FreeChart1(TObject*Sender) @@@ CRHMmain.cpp_nocom>
<void__fastcallTMain::StateFileCloseAll(TObject*Sender) @@@ CRHMmain.cpp_nocom>
</void__fastcallTMain::StateFileCloseAll(TObject*Sender) @@@ CRHMmain.cpp_nocom>
<void__fastcallTMain::ClearModules(TObject*Sender,boolAll) @@@ CRHMmain.cpp_nocom>
<voidModVarRemove(MapVar&MapVars) @@@ ClassCRHM.cpp_nocom>
</voidModVarRemove(MapVar&MapVars) @@@ ClassCRHM.cpp_nocom>
<voidAdminister::MacroClear() @@@ ClassModule.cpp_nocom>
</voidAdminister::MacroClear() @@@ ClassModule.cpp_nocom>
</void__fastcallTMain::ClearModules(TObject*Sender,boolAll) @@@ CRHMmain.cpp_nocom>
<voidAdminister::MacroClear() @@@ ClassModule.cpp_nocom>
</voidAdminister::MacroClear() @@@ ClassModule.cpp_nocom>
<void__fastcallTMain::UpDateModelMenu(void) @@@ CRHMmain.cpp_nocom>
<void__fastcallTMain::UpDateHelpMenu(void) @@@ CRHMmain.cpp_nocom>
</void__fastcallTMain::UpDateHelpMenu(void) @@@ CRHMmain.cpp_nocom>
</void__fastcallTMain::UpDateModelMenu(void) @@@ CRHMmain.cpp_nocom>
<void__fastcallTMain::DLL1CloseALLClick(TObject*Sender) @@@ CRHMmain.cpp_nocom>
</void__fastcallTMain::DLL1CloseALLClick(TObject*Sender) @@@ CRHMmain.cpp_nocom>
</void__fastcallTMain::PrjCloseClick(TObject*Sender) @@@ CRHMmain.cpp_nocom>
</void__fastcallTMain::FormClose(TObject*Sender,TCloseAction&Action) @@@ CRHMmain.cpp_nocom>
<void__fastcallTMain::WMGetMinMaxInfo(TWMGetMinMaxInfo&Msg) @@@ CRHMmain.cpp_nocom>
</void__fastcallTMain::WMGetMinMaxInfo(TWMGetMinMaxInfo&Msg) @@@ CRHMmain.cpp_nocom>
<void__fastcallTFlowForm::FormDestroy(TObject*Sender) @@@ Flow.cpp_nocom>
</void__fastcallTFlowForm::FormDestroy(TObject*Sender) @@@ Flow.cpp_nocom>
<void__fastcallTFlowForm::FormResize(TObject*Sender) @@@ Flow.cpp_nocom>
</void__fastcallTFlowForm::FormResize(TObject*Sender) @@@ Flow.cpp_nocom>
<void__fastcallTFileOutput::FormDestroy(TObject*Sender) @@@ Export.cpp_nocom>
</void__fastcallTFileOutput::FormDestroy(TObject*Sender) @@@ Export.cpp_nocom>
<void__fastcallTAnalysis::FormDestroy(TObject*Sender) @@@ Analy.cpp_nocom>
</void__fastcallTAnalysis::FormDestroy(TObject*Sender) @@@ Analy.cpp_nocom>
<void__fastcallTMain::FormDestroy(TObject*Sender) @@@ CRHMmain.cpp_nocom>
<voidModVarRemove(MapVar&MapVars) @@@ ClassCRHM.cpp_nocom>
</voidModVarRemove(MapVar&MapVars) @@@ ClassCRHM.cpp_nocom>
<void__fastcallTMain::ClearListBox4(TObject*Sender) @@@ CRHMmain.cpp_nocom>
</void__fastcallTMain::ClearListBox4(TObject*Sender) @@@ CRHMmain.cpp_nocom>
</void__fastcallTMain::FormDestroy(TObject*Sender) @@@ CRHMmain.cpp_nocom>
<Administer::~Administer() @@@ ClassModule.cpp_nocom>
</Administer::~Administer() @@@ ClassModule.cpp_nocom>
<Administer::~Administer() @@@ ClassModule.cpp_nocom>
</Administer::~Administer() @@@ ClassModule.cpp_nocom>
<Administer::Administer(StringVersion,String_HelpFile):Version(Version),HelpFile(_HelpFile) @@@ ClassModule.cpp_nocom>
</Administer::Administer(StringVersion,String_HelpFile):Version(Version),HelpFile(_HelpFile) @@@ ClassModule.cpp_nocom>
<Administer::Administer(StringVersion,String_HelpFile):Version(Version),HelpFile(_HelpFile) @@@ ClassModule.cpp_nocom>
</Administer::Administer(StringVersion,String_HelpFile):Version(Version),HelpFile(_HelpFile) @@@ ClassModule.cpp_nocom>
<void__fastcallTMain::WMGetMinMaxInfo(TWMGetMinMaxInfo&Msg) @@@ CRHMmain.cpp_nocom>
</void__fastcallTMain::WMGetMinMaxInfo(TWMGetMinMaxInfo&Msg) @@@ CRHMmain.cpp_nocom>
<void__fastcallTMain::WMGetMinMaxInfo(TWMGetMinMaxInfo&Msg) @@@ CRHMmain.cpp_nocom>
</void__fastcallTMain::WMGetMinMaxInfo(TWMGetMinMaxInfo&Msg) @@@ CRHMmain.cpp_nocom>
<void__fastcallTMain::WMGetMinMaxInfo(TWMGetMinMaxInfo&Msg) @@@ CRHMmain.cpp_nocom>
</void__fastcallTMain::WMGetMinMaxInfo(TWMGetMinMaxInfo&Msg) @@@ CRHMmain.cpp_nocom>
<:TForm(Owner) @@@ CRHMmain.cpp_nocom>
</:TForm(Owner) @@@ CRHMmain.cpp_nocom>
<void__fastcallTMain::FormCreate(TObject*Sender) @@@ CRHMmain.cpp_nocom>
<void__fastcallTMain::WMGetMinMaxInfo(TWMGetMinMaxInfo&Msg) @@@ CRHMmain.cpp_nocom>
</void__fastcallTMain::WMGetMinMaxInfo(TWMGetMinMaxInfo&Msg) @@@ CRHMmain.cpp_nocom>
<voidMoveModulesToGlobal(StringDLLName) @@@ NewModules.cpp_nocom>
<voidAdminister::AddModule(ClassModule*Module) @@@ ClassModule.cpp_nocom>
</voidAdminister::AddModule(ClassModule*Module) @@@ ClassModule.cpp_nocom>
<voidAdminister::AddModule(ClassModule*Module) @@@ ClassModule.cpp_nocom>
</voidAdminister::AddModule(ClassModule*Module) @@@ ClassModule.cpp_nocom>
<voidAdminister::AddModule(ClassModule*Module) @@@ ClassModule.cpp_nocom>
</voidAdminister::AddModule(ClassModule*Module) @@@ ClassModule.cpp_nocom>
<voidAdminister::AddModule(ClassModule*Module) @@@ ClassModule.cpp_nocom>
</voidAdminister::AddModule(ClassModule*Module) @@@ ClassModule.cpp_nocom>
<voidAdminister::AddModule(ClassModule*Module) @@@ ClassModule.cpp_nocom>
</voidAdminister::AddModule(ClassModule*Module) @@@ ClassModule.cpp_nocom>
<voidAdminister::AddModule(ClassModule*Module) @@@ ClassModule.cpp_nocom>
</voidAdminister::AddModule(ClassModule*Module) @@@ ClassModule.cpp_nocom>
<voidAdminister::AddModule(ClassModule*Module) @@@ ClassModule.cpp_nocom>
</voidAdminister::AddModule(ClassModule*Module) @@@ ClassModule.cpp_nocom>
<voidAdminister::AddModule(ClassModule*Module) @@@ ClassModule.cpp_nocom>
</voidAdminister::AddModule(ClassModule*Module) @@@ ClassModule.cpp_nocom>
<voidAdminister::AddModule(ClassModule*Module) @@@ ClassModule.cpp_nocom>
</voidAdminister::AddModule(ClassModule*Module) @@@ ClassModule.cpp_nocom>
<voidAdminister::AddModule(ClassModule*Module) @@@ ClassModule.cpp_nocom>
</voidAdminister::AddModule(ClassModule*Module) @@@ ClassModule.cpp_nocom>
<voidAdminister::AddModule(ClassModule*Module) @@@ ClassModule.cpp_nocom>
</voidAdminister::AddModule(ClassModule*Module) @@@ ClassModule.cpp_nocom>
<voidAdminister::AddModule(ClassModule*Module) @@@ ClassModule.cpp_nocom>
</voidAdminister::AddModule(ClassModule*Module) @@@ ClassModule.cpp_nocom>
<voidAdminister::AddModule(ClassModule*Module) @@@ ClassModule.cpp_nocom>
</voidAdminister::AddModule(ClassModule*Module) @@@ ClassModule.cpp_nocom>
<voidAdminister::AddModule(ClassModule*Module) @@@ ClassModule.cpp_nocom>
</voidAdminister::AddModule(ClassModule*Module) @@@ ClassModule.cpp_nocom>
<voidAdminister::AddModule(ClassModule*Module) @@@ ClassModule.cpp_nocom>
</voidAdminister::AddModule(ClassModule*Module) @@@ ClassModule.cpp_nocom>
<voidAdminister::AddModule(ClassModule*Module) @@@ ClassModule.cpp_nocom>
</voidAdminister::AddModule(ClassModule*Module) @@@ ClassModule.cpp_nocom>
<voidAdminister::AddModule(ClassModule*Module) @@@ ClassModule.cpp_nocom>
</voidAdminister::AddModule(ClassModule*Module) @@@ ClassModule.cpp_nocom>
<voidAdminister::AddModule(ClassModule*Module) @@@ ClassModule.cpp_nocom>
</voidAdminister::AddModule(ClassModule*Module) @@@ ClassModule.cpp_nocom>
<voidAdminister::AddModule(ClassModule*Module) @@@ ClassModule.cpp_nocom>
</voidAdminister::AddModule(ClassModule*Module) @@@ ClassModule.cpp_nocom>
<voidAdminister::AddModule(ClassModule*Module) @@@ ClassModule.cpp_nocom>
</voidAdminister::AddModule(ClassModule*Module) @@@ ClassModule.cpp_nocom>
<voidAdminister::AddModule(ClassModule*Module) @@@ ClassModule.cpp_nocom>
</voidAdminister::AddModule(ClassModule*Module) @@@ ClassModule.cpp_nocom>
<voidAdminister::AddModule(ClassModule*Module) @@@ ClassModule.cpp_nocom>
</voidAdminister::AddModule(ClassModule*Module) @@@ ClassModule.cpp_nocom>
<voidAdminister::AddModule(ClassModule*Module) @@@ ClassModule.cpp_nocom>
</voidAdminister::AddModule(ClassModule*Module) @@@ ClassModule.cpp_nocom>
<voidAdminister::AddModule(ClassModule*Module) @@@ ClassModule.cpp_nocom>
</voidAdminister::AddModule(ClassModule*Module) @@@ ClassModule.cpp_nocom>
<voidAdminister::AddModule(ClassModule*Module) @@@ ClassModule.cpp_nocom>
</voidAdminister::AddModule(ClassModule*Module) @@@ ClassModule.cpp_nocom>
<voidAdminister::AddModule(ClassModule*Module) @@@ ClassModule.cpp_nocom>
</voidAdminister::AddModule(ClassModule*Module) @@@ ClassModule.cpp_nocom>
<voidAdminister::AddModule(ClassModule*Module) @@@ ClassModule.cpp_nocom>
</voidAdminister::AddModule(ClassModule*Module) @@@ ClassModule.cpp_nocom>
<voidAdminister::AddModule(ClassModule*Module) @@@ ClassModule.cpp_nocom>
</voidAdminister::AddModule(ClassModule*Module) @@@ ClassModule.cpp_nocom>
<voidAdminister::AddModule(ClassModule*Module) @@@ ClassModule.cpp_nocom>
</voidAdminister::AddModule(ClassModule*Module) @@@ ClassModule.cpp_nocom>
<voidAdminister::AddModule(ClassModule*Module) @@@ ClassModule.cpp_nocom>
</voidAdminister::AddModule(ClassModule*Module) @@@ ClassModule.cpp_nocom>
<voidAdminister::AddModule(ClassModule*Module) @@@ ClassModule.cpp_nocom>
</voidAdminister::AddModule(ClassModule*Module) @@@ ClassModule.cpp_nocom>
<voidAdminister::AddModule(ClassModule*Module) @@@ ClassModule.cpp_nocom>
</voidAdminister::AddModule(ClassModule*Module) @@@ ClassModule.cpp_nocom>
<voidAdminister::AddModule(ClassModule*Module) @@@ ClassModule.cpp_nocom>
</voidAdminister::AddModule(ClassModule*Module) @@@ ClassModule.cpp_nocom>
<voidAdminister::AddModule(ClassModule*Module) @@@ ClassModule.cpp_nocom>
</voidAdminister::AddModule(ClassModule*Module) @@@ ClassModule.cpp_nocom>
<voidAdminister::AddModule(ClassModule*Module) @@@ ClassModule.cpp_nocom>
</voidAdminister::AddModule(ClassModule*Module) @@@ ClassModule.cpp_nocom>
<voidAdminister::AddModule(ClassModule*Module) @@@ ClassModule.cpp_nocom>
</voidAdminister::AddModule(ClassModule*Module) @@@ ClassModule.cpp_nocom>
<voidAdminister::AddModule(ClassModule*Module) @@@ ClassModule.cpp_nocom>
</voidAdminister::AddModule(ClassModule*Module) @@@ ClassModule.cpp_nocom>
<voidAdminister::AddModule(ClassModule*Module) @@@ ClassModule.cpp_nocom>
</voidAdminister::AddModule(ClassModule*Module) @@@ ClassModule.cpp_nocom>
<voidAdminister::AddModule(ClassModule*Module) @@@ ClassModule.cpp_nocom>
</voidAdminister::AddModule(ClassModule*Module) @@@ ClassModule.cpp_nocom>
<voidAdminister::AddModule(ClassModule*Module) @@@ ClassModule.cpp_nocom>
</voidAdminister::AddModule(ClassModule*Module) @@@ ClassModule.cpp_nocom>
<voidAdminister::AddModule(ClassModule*Module) @@@ ClassModule.cpp_nocom>
</voidAdminister::AddModule(ClassModule*Module) @@@ ClassModule.cpp_nocom>
<voidAdminister::AddModule(ClassModule*Module) @@@ ClassModule.cpp_nocom>
</voidAdminister::AddModule(ClassModule*Module) @@@ ClassModule.cpp_nocom>
<voidAdminister::AddModule(ClassModule*Module) @@@ ClassModule.cpp_nocom>
</voidAdminister::AddModule(ClassModule*Module) @@@ ClassModule.cpp_nocom>
<voidAdminister::AddModule(ClassModule*Module) @@@ ClassModule.cpp_nocom>
</voidAdminister::AddModule(ClassModule*Module) @@@ ClassModule.cpp_nocom>
<voidAdminister::AddModule(ClassModule*Module) @@@ ClassModule.cpp_nocom>
</voidAdminister::AddModule(ClassModule*Module) @@@ ClassModule.cpp_nocom>
<voidAdminister::AddModule(ClassModule*Module) @@@ ClassModule.cpp_nocom>
</voidAdminister::AddModule(ClassModule*Module) @@@ ClassModule.cpp_nocom>
<voidAdminister::AddModule(ClassModule*Module) @@@ ClassModule.cpp_nocom>
</voidAdminister::AddModule(ClassModule*Module) @@@ ClassModule.cpp_nocom>
<voidAdminister::AddModule(ClassModule*Module) @@@ ClassModule.cpp_nocom>
</voidAdminister::AddModule(ClassModule*Module) @@@ ClassModule.cpp_nocom>
<voidAdminister::AddModule(ClassModule*Module) @@@ ClassModule.cpp_nocom>
</voidAdminister::AddModule(ClassModule*Module) @@@ ClassModule.cpp_nocom>
<voidAdminister::AddModule(ClassModule*Module) @@@ ClassModule.cpp_nocom>
</voidAdminister::AddModule(ClassModule*Module) @@@ ClassModule.cpp_nocom>
<voidAdminister::AddModule(ClassModule*Module) @@@ ClassModule.cpp_nocom>
</voidAdminister::AddModule(ClassModule*Module) @@@ ClassModule.cpp_nocom>
<voidAdminister::AddModule(ClassModule*Module) @@@ ClassModule.cpp_nocom>
</voidAdminister::AddModule(ClassModule*Module) @@@ ClassModule.cpp_nocom>
<voidAdminister::AddModule(ClassModule*Module) @@@ ClassModule.cpp_nocom>
</voidAdminister::AddModule(ClassModule*Module) @@@ ClassModule.cpp_nocom>
<voidAdminister::AddModule(ClassModule*Module) @@@ ClassModule.cpp_nocom>
</voidAdminister::AddModule(ClassModule*Module) @@@ ClassModule.cpp_nocom>
<voidAdminister::AddModule(ClassModule*Module) @@@ ClassModule.cpp_nocom>
</voidAdminister::AddModule(ClassModule*Module) @@@ ClassModule.cpp_nocom>
<voidAdminister::AddModule(ClassModule*Module) @@@ ClassModule.cpp_nocom>
</voidAdminister::AddModule(ClassModule*Module) @@@ ClassModule.cpp_nocom>
<voidAdminister::AddModule(ClassModule*Module) @@@ ClassModule.cpp_nocom>
</voidAdminister::AddModule(ClassModule*Module) @@@ ClassModule.cpp_nocom>
<voidAdminister::AddModule(ClassModule*Module) @@@ ClassModule.cpp_nocom>
</voidAdminister::AddModule(ClassModule*Module) @@@ ClassModule.cpp_nocom>
<voidAdminister::AddModule(ClassModule*Module) @@@ ClassModule.cpp_nocom>
</voidAdminister::AddModule(ClassModule*Module) @@@ ClassModule.cpp_nocom>
<voidAdminister::AddModule(ClassModule*Module) @@@ ClassModule.cpp_nocom>
</voidAdminister::AddModule(ClassModule*Module) @@@ ClassModule.cpp_nocom>
<voidAdminister::AddModule(ClassModule*Module) @@@ ClassModule.cpp_nocom>
</voidAdminister::AddModule(ClassModule*Module) @@@ ClassModule.cpp_nocom>
<voidAdminister::AddModule(ClassModule*Module) @@@ ClassModule.cpp_nocom>
</voidAdminister::AddModule(ClassModule*Module) @@@ ClassModule.cpp_nocom>
<voidAdminister::AddModule(ClassModule*Module) @@@ ClassModule.cpp_nocom>
</voidAdminister::AddModule(ClassModule*Module) @@@ ClassModule.cpp_nocom>
<voidAdminister::AddModule(ClassModule*Module) @@@ ClassModule.cpp_nocom>
</voidAdminister::AddModule(ClassModule*Module) @@@ ClassModule.cpp_nocom>
<voidAdminister::AddModule(ClassModule*Module) @@@ ClassModule.cpp_nocom>
</voidAdminister::AddModule(ClassModule*Module) @@@ ClassModule.cpp_nocom>
<voidAdminister::AddModule(ClassModule*Module) @@@ ClassModule.cpp_nocom>
</voidAdminister::AddModule(ClassModule*Module) @@@ ClassModule.cpp_nocom>
<voidAdminister::AddModule(ClassModule*Module) @@@ ClassModule.cpp_nocom>
</voidAdminister::AddModule(ClassModule*Module) @@@ ClassModule.cpp_nocom>
<voidAdminister::AddModule(ClassModule*Module) @@@ ClassModule.cpp_nocom>
</voidAdminister::AddModule(ClassModule*Module) @@@ ClassModule.cpp_nocom>
<voidAdminister::AddModule(ClassModule*Module) @@@ ClassModule.cpp_nocom>
</voidAdminister::AddModule(ClassModule*Module) @@@ ClassModule.cpp_nocom>
<voidAdminister::AddModule(ClassModule*Module) @@@ ClassModule.cpp_nocom>
</voidAdminister::AddModule(ClassModule*Module) @@@ ClassModule.cpp_nocom>
<voidAdminister::AddModule(ClassModule*Module) @@@ ClassModule.cpp_nocom>
</voidAdminister::AddModule(ClassModule*Module) @@@ ClassModule.cpp_nocom>
<voidAdminister::AddModule(ClassModule*Module) @@@ ClassModule.cpp_nocom>
</voidAdminister::AddModule(ClassModule*Module) @@@ ClassModule.cpp_nocom>
<voidAdminister::AddModule(ClassModule*Module) @@@ ClassModule.cpp_nocom>
</voidAdminister::AddModule(ClassModule*Module) @@@ ClassModule.cpp_nocom>
<voidAdminister::AddModule(ClassModule*Module) @@@ ClassModule.cpp_nocom>
</voidAdminister::AddModule(ClassModule*Module) @@@ ClassModule.cpp_nocom>
<voidAdminister::AddModule(ClassModule*Module) @@@ ClassModule.cpp_nocom>
</voidAdminister::AddModule(ClassModule*Module) @@@ ClassModule.cpp_nocom>
<voidAdminister::AddModule(ClassModule*Module) @@@ ClassModule.cpp_nocom>
</voidAdminister::AddModule(ClassModule*Module) @@@ ClassModule.cpp_nocom>
<voidAdminister::AddModule(ClassModule*Module) @@@ ClassModule.cpp_nocom>
</voidAdminister::AddModule(ClassModule*Module) @@@ ClassModule.cpp_nocom>
<voidAdminister::AddModule(ClassModule*Module) @@@ ClassModule.cpp_nocom>
</voidAdminister::AddModule(ClassModule*Module) @@@ ClassModule.cpp_nocom>
<voidAdminister::AddModule(ClassModule*Module) @@@ ClassModule.cpp_nocom>
</voidAdminister::AddModule(ClassModule*Module) @@@ ClassModule.cpp_nocom>
<voidAdminister::AddModule(ClassModule*Module) @@@ ClassModule.cpp_nocom>
</voidAdminister::AddModule(ClassModule*Module) @@@ ClassModule.cpp_nocom>
<voidAdminister::AddModule(ClassModule*Module) @@@ ClassModule.cpp_nocom>
</voidAdminister::AddModule(ClassModule*Module) @@@ ClassModule.cpp_nocom>
<voidAdminister::AddModule(ClassModule*Module) @@@ ClassModule.cpp_nocom>
</voidAdminister::AddModule(ClassModule*Module) @@@ ClassModule.cpp_nocom>
<voidAdminister::AddModule(ClassModule*Module) @@@ ClassModule.cpp_nocom>
</voidAdminister::AddModule(ClassModule*Module) @@@ ClassModule.cpp_nocom>
<voidAdminister::AddModule(ClassModule*Module) @@@ ClassModule.cpp_nocom>
</voidAdminister::AddModule(ClassModule*Module) @@@ ClassModule.cpp_nocom>
<voidAdminister::AddModule(ClassModule*Module) @@@ ClassModule.cpp_nocom>
</voidAdminister::AddModule(ClassModule*Module) @@@ ClassModule.cpp_nocom>
<voidAdminister::AddModule(ClassModule*Module) @@@ ClassModule.cpp_nocom>
</voidAdminister::AddModule(ClassModule*Module) @@@ ClassModule.cpp_nocom>
<voidAdminister::AddModule(ClassModule*Module) @@@ ClassModule.cpp_nocom>
</voidAdminister::AddModule(ClassModule*Module) @@@ ClassModule.cpp_nocom>
<voidAdminister::AddModule(ClassModule*Module) @@@ ClassModule.cpp_nocom>
</voidAdminister::AddModule(ClassModule*Module) @@@ ClassModule.cpp_nocom>
<voidAdminister::AddModule(ClassModule*Module) @@@ ClassModule.cpp_nocom>
</voidAdminister::AddModule(ClassModule*Module) @@@ ClassModule.cpp_nocom>
<voidAdminister::AddModule(ClassModule*Module) @@@ ClassModule.cpp_nocom>
</voidAdminister::AddModule(ClassModule*Module) @@@ ClassModule.cpp_nocom>
<voidAdminister::AddModule(ClassModule*Module) @@@ ClassModule.cpp_nocom>
</voidAdminister::AddModule(ClassModule*Module) @@@ ClassModule.cpp_nocom>
<voidAdminister::AddModule(ClassModule*Module) @@@ ClassModule.cpp_nocom>
</voidAdminister::AddModule(ClassModule*Module) @@@ ClassModule.cpp_nocom>
<voidAdminister::AddModule(ClassModule*Module) @@@ ClassModule.cpp_nocom>
</voidAdminister::AddModule(ClassModule*Module) @@@ ClassModule.cpp_nocom>
<voidAdminister::AddModule(ClassModule*Module) @@@ ClassModule.cpp_nocom>
</voidAdminister::AddModule(ClassModule*Module) @@@ ClassModule.cpp_nocom>
<voidAdminister::AddModule(ClassModule*Module) @@@ ClassModule.cpp_nocom>
</voidAdminister::AddModule(ClassModule*Module) @@@ ClassModule.cpp_nocom>
<voidAdminister::AddModel(StringModelName,StringModelModules) @@@ ClassModule.cpp_nocom>
</voidAdminister::AddModel(StringModelName,StringModelModules) @@@ ClassModule.cpp_nocom>
<voidAdminister::AddModel(StringModelName,StringModelModules) @@@ ClassModule.cpp_nocom>
</voidAdminister::AddModel(StringModelName,StringModelModules) @@@ ClassModule.cpp_nocom>
<voidAdminister::AddModel(StringModelName,StringModelModules) @@@ ClassModule.cpp_nocom>
</voidAdminister::AddModel(StringModelName,StringModelModules) @@@ ClassModule.cpp_nocom>
<voidAdminister::AddModel(StringModelName,StringModelModules) @@@ ClassModule.cpp_nocom>
</voidAdminister::AddModel(StringModelName,StringModelModules) @@@ ClassModule.cpp_nocom>
<voidAdminister::AddModel(StringModelName,StringModelModules) @@@ ClassModule.cpp_nocom>
</voidAdminister::AddModel(StringModelName,StringModelModules) @@@ ClassModule.cpp_nocom>
<voidAdminister::AddModel(StringModelName,StringModelModules) @@@ ClassModule.cpp_nocom>
</voidAdminister::AddModel(StringModelName,StringModelModules) @@@ ClassModule.cpp_nocom>
<voidAdminister::AddModel(StringModelName,StringModelModules) @@@ ClassModule.cpp_nocom>
</voidAdminister::AddModel(StringModelName,StringModelModules) @@@ ClassModule.cpp_nocom>
<voidAdminister::AddModel(StringModelName,StringModelModules) @@@ ClassModule.cpp_nocom>
</voidAdminister::AddModel(StringModelName,StringModelModules) @@@ ClassModule.cpp_nocom>
<voidAdminister::AddModel(StringModelName,StringModelModules) @@@ ClassModule.cpp_nocom>
</voidAdminister::AddModel(StringModelName,StringModelModules) @@@ ClassModule.cpp_nocom>
<voidAdminister::AddModel(StringModelName,StringModelModules) @@@ ClassModule.cpp_nocom>
</voidAdminister::AddModel(StringModelName,StringModelModules) @@@ ClassModule.cpp_nocom>
<voidAdminister::AddModel(StringModelName,StringModelModules) @@@ ClassModule.cpp_nocom>
</voidAdminister::AddModel(StringModelName,StringModelModules) @@@ ClassModule.cpp_nocom>
<voidAdminister::LoadCRHM(StringDllName) @@@ ClassModule.cpp_nocom>
</voidAdminister::LoadCRHM(StringDllName) @@@ ClassModule.cpp_nocom>
</voidMoveModulesToGlobal(StringDLLName) @@@ NewModules.cpp_nocom>
<voidAdminister::Accept(intResult) @@@ ClassModule.cpp_nocom>
</voidAdminister::Accept(intResult) @@@ ClassModule.cpp_nocom>
<void__fastcallTMain::UpDateModelMenu(void) @@@ CRHMmain.cpp_nocom>
<void__fastcallTMain::UpDateHelpMenu(void) @@@ CRHMmain.cpp_nocom>
</void__fastcallTMain::UpDateHelpMenu(void) @@@ CRHMmain.cpp_nocom>
</void__fastcallTMain::UpDateModelMenu(void) @@@ CRHMmain.cpp_nocom>
</void__fastcallTMain::FormCreate(TObject*Sender) @@@ CRHMmain.cpp_nocom>
<__fastcallTAboutBox::TAboutBox(TComponent*Owner):TForm(Owner) @@@ About.cpp_nocom>
</__fastcallTAboutBox::TAboutBox(TComponent*Owner):TForm(Owner) @@@ About.cpp_nocom>
<Convert::Convert() @@@ ClassCRHM.cpp_nocom>
</Convert::Convert() @@@ ClassCRHM.cpp_nocom>
<__fastcallTFormAKA::TFormAKA(TComponent*Owner):TForm(Owner) @@@ AKAform.cpp_nocom>
</__fastcallTFormAKA::TFormAKA(TComponent*Owner):TForm(Owner) @@@ AKAform.cpp_nocom>
<__fastcallTAnalysis::TAnalysis(TComponent*Owner):TForm(Owner) @@@ Analy.cpp_nocom>
</__fastcallTAnalysis::TAnalysis(TComponent*Owner):TForm(Owner) @@@ Analy.cpp_nocom>
<void__fastcallTAnalysis::FormCreate(TObject*Sender) @@@ Analy.cpp_nocom>
</void__fastcallTAnalysis::FormCreate(TObject*Sender) @@@ Analy.cpp_nocom>
<__fastcallTBldForm::TBldForm(TComponent*Owner):TForm(Owner) @@@ Bld.cpp_nocom>
</__fastcallTBldForm::TBldForm(TComponent*Owner):TForm(Owner) @@@ Bld.cpp_nocom>
<__fastcallTFormEntry::TFormEntry(TComponent*Owner):TForm(Owner) @@@ EntryForm.cpp_nocom>
</__fastcallTFormEntry::TFormEntry(TComponent*Owner):TForm(Owner) @@@ EntryForm.cpp_nocom>
<__fastcallTFileOutput::TFileOutput(TComponent*Owner):TForm(Owner) @@@ Export.cpp_nocom>
</__fastcallTFileOutput::TFileOutput(TComponent*Owner):TForm(Owner) @@@ Export.cpp_nocom>
<void__fastcallTFileOutput::FormCreate(TObject*Sender) @@@ Export.cpp_nocom>
</void__fastcallTFileOutput::FormCreate(TObject*Sender) @@@ Export.cpp_nocom>
<__fastcallTFlowForm::TFlowForm(TComponent*Owner):TForm(Owner) @@@ Flow.cpp_nocom>
</__fastcallTFlowForm::TFlowForm(TComponent*Owner):TForm(Owner) @@@ Flow.cpp_nocom>
<void__fastcallTFlowForm::FormCreate(TObject*Sender) @@@ Flow.cpp_nocom>
<void__fastcallTFlowForm::FormResize(TObject*Sender) @@@ Flow.cpp_nocom>
</void__fastcallTFlowForm::FormResize(TObject*Sender) @@@ Flow.cpp_nocom>
<void__fastcallTFlowForm::FormResize(TObject*Sender) @@@ Flow.cpp_nocom>
</void__fastcallTFlowForm::FormResize(TObject*Sender) @@@ Flow.cpp_nocom>
</void__fastcallTFlowForm::FormCreate(TObject*Sender) @@@ Flow.cpp_nocom>
<__fastcallTParameter::TParameter(TComponent*Owner):TForm(Owner) @@@ Para.cpp_nocom>
</__fastcallTParameter::TParameter(TComponent*Owner):TForm(Owner) @@@ Para.cpp_nocom>
<__fastcallTRprt::TRprt(TComponent*Owner):TForm(Owner) @@@ report.cpp_nocom>
</__fastcallTRprt::TRprt(TComponent*Owner):TForm(Owner) @@@ report.cpp_nocom>
<__fastcallTLogForm::TLogForm(TComponent*Owner):TForm(Owner) @@@ Log.cpp_nocom>
</__fastcallTLogForm::TLogForm(TComponent*Owner):TForm(Owner) @@@ Log.cpp_nocom>
<__fastcallTPlotControl::TPlotControl(TComponent*Owner):TForm(Owner) @@@ UpdateForm.cpp_nocom>
</__fastcallTPlotControl::TPlotControl(TComponent*Owner):TForm(Owner) @@@ UpdateForm.cpp_nocom>
<void__fastcallTMain::WMGetMinMaxInfo(TWMGetMinMaxInfo&Msg) @@@ CRHMmain.cpp_nocom>
</void__fastcallTMain::WMGetMinMaxInfo(TWMGetMinMaxInfo&Msg) @@@ CRHMmain.cpp_nocom>
<void__fastcallTMain::WMGetMinMaxInfo(TWMGetMinMaxInfo&Msg) @@@ CRHMmain.cpp_nocom>
</void__fastcallTMain::WMGetMinMaxInfo(TWMGetMinMaxInfo&Msg) @@@ CRHMmain.cpp_nocom>
<void__fastcallTMain::FormActivate(TObject*Sender) @@@ CRHMmain.cpp_nocom>
<bool__fastcallTMain::FileExistsSp(StringFileName) @@@ CRHMmain.cpp_nocom>
</bool__fastcallTMain::FileExistsSp(StringFileName) @@@ CRHMmain.cpp_nocom>
</void__fastcallTMain::FormActivate(TObject*Sender) @@@ CRHMmain.cpp_nocom>
<void__fastcallTMain::WMGetMinMaxInfo(TWMGetMinMaxInfo&Msg) @@@ CRHMmain.cpp_nocom>
</void__fastcallTMain::WMGetMinMaxInfo(TWMGetMinMaxInfo&Msg) @@@ CRHMmain.cpp_nocom>
<void__fastcallTMain::OnHint(TObject*Sender) @@@ CRHMmain.cpp_nocom>
</void__fastcallTMain::OnHint(TObject*Sender) @@@ CRHMmain.cpp_nocom>
<void__fastcallTMain::OnHint(TObject*Sender) @@@ CRHMmain.cpp_nocom>
</void__fastcallTMain::OnHint(TObject*Sender) @@@ CRHMmain.cpp_nocom>
<void__fastcallTMain::OnHint(TObject*Sender) @@@ CRHMmain.cpp_nocom>
</void__fastcallTMain::OnHint(TObject*Sender) @@@ CRHMmain.cpp_nocom>
<void__fastcallTMain::OnHint(TObject*Sender) @@@ CRHMmain.cpp_nocom>
</void__fastcallTMain::OnHint(TObject*Sender) @@@ CRHMmain.cpp_nocom>
<void__fastcallTMain::OnHint(TObject*Sender) @@@ CRHMmain.cpp_nocom>
</void__fastcallTMain::OnHint(TObject*Sender) @@@ CRHMmain.cpp_nocom>
<void__fastcallTMain::OnHint(TObject*Sender) @@@ CRHMmain.cpp_nocom>
</void__fastcallTMain::OnHint(TObject*Sender) @@@ CRHMmain.cpp_nocom>
<void__fastcallTMain::OnHint(TObject*Sender) @@@ CRHMmain.cpp_nocom>
</void__fastcallTMain::OnHint(TObject*Sender) @@@ CRHMmain.cpp_nocom>
<void__fastcallTMain::OnHint(TObject*Sender) @@@ CRHMmain.cpp_nocom>
</void__fastcallTMain::OnHint(TObject*Sender) @@@ CRHMmain.cpp_nocom>
<void__fastcallTMain::OnHint(TObject*Sender) @@@ CRHMmain.cpp_nocom>
</void__fastcallTMain::OnHint(TObject*Sender) @@@ CRHMmain.cpp_nocom>
<void__fastcallTMain::OnHint(TObject*Sender) @@@ CRHMmain.cpp_nocom>
</void__fastcallTMain::OnHint(TObject*Sender) @@@ CRHMmain.cpp_nocom>
<void__fastcallTMain::OnHint(TObject*Sender) @@@ CRHMmain.cpp_nocom>
</void__fastcallTMain::OnHint(TObject*Sender) @@@ CRHMmain.cpp_nocom>
<void__fastcallTMain::OnHint(TObject*Sender) @@@ CRHMmain.cpp_nocom>
</void__fastcallTMain::OnHint(TObject*Sender) @@@ CRHMmain.cpp_nocom>
<void__fastcallTMain::OnHint(TObject*Sender) @@@ CRHMmain.cpp_nocom>
</void__fastcallTMain::OnHint(TObject*Sender) @@@ CRHMmain.cpp_nocom>
<void__fastcallTMain::OnHint(TObject*Sender) @@@ CRHMmain.cpp_nocom>
</void__fastcallTMain::OnHint(TObject*Sender) @@@ CRHMmain.cpp_nocom>
<void__fastcallTMain::OnHint(TObject*Sender) @@@ CRHMmain.cpp_nocom>
</void__fastcallTMain::OnHint(TObject*Sender) @@@ CRHMmain.cpp_nocom>
<void__fastcallTMain::OnHint(TObject*Sender) @@@ CRHMmain.cpp_nocom>
</void__fastcallTMain::OnHint(TObject*Sender) @@@ CRHMmain.cpp_nocom>
