<void__fastcallTMain::OnHint(TObject*Sender) @@@ CRHMmain.cpp_nocom>
</void__fastcallTMain::OnHint(TObject*Sender) @@@ CRHMmain.cpp_nocom>
<void__fastcallTMain::OnHint(TObject*Sender) @@@ CRHMmain.cpp_nocom>
</void__fastcallTMain::OnHint(TObject*Sender) @@@ CRHMmain.cpp_nocom>
<void__fastcallTMain::PrjCloseClick(TObject*Sender) @@@ CRHMmain.cpp_nocom>
<void__fastcallTMain::UpDateHelpMenu(void) @@@ CRHMmain.cpp_nocom>
</void__fastcallTMain::UpDateHelpMenu(void) @@@ CRHMmain.cpp_nocom>
<void__fastcallTMain::ObsCloseClick(TObject*Sender) @@@ CRHMmain.cpp_nocom>
</void__fastcallTMain::ObsCloseClick(TObject*Sender) @@@ CRHMmain.cpp_nocom>
<void__fastcallTMain::FreeChart1(TObject*Sender) @@@ CRHMmain.cpp_nocom>
<void__fastcallTMain::ClearListBox4(TObject*Sender) @@@ CRHMmain.cpp_nocom>
</void__fastcallTMain::ClearListBox4(TObject*Sender) @@@ CRHMmain.cpp_nocom>
</void__fastcallTMain::FreeChart1(TObject*Sender) @@@ CRHMmain.cpp_nocom>
<void__fastcallTMain::StateFileCloseAll(TObject*Sender) @@@ CRHMmain.cpp_nocom>
</void__fastcallTMain::StateFileCloseAll(TObject*Sender) @@@ CRHMmain.cpp_nocom>
<void__fastcallTMain::ClearModules(TObject*Sender,boolAll) @@@ CRHMmain.cpp_nocom>
<voidModVarRemove(MapVar&MapVars) @@@ ClassCRHM.cpp_nocom>
<voidClassVar::ReleaseM(boolKeep) @@@ ClassCRHM.cpp_nocom>
</voidClassVar::ReleaseM(boolKeep) @@@ ClassCRHM.cpp_nocom>
<voidClassVar::ReleaseM(boolKeep) @@@ ClassCRHM.cpp_nocom>
</voidClassVar::ReleaseM(boolKeep) @@@ ClassCRHM.cpp_nocom>
<voidClassVar::ReleaseM(boolKeep) @@@ ClassCRHM.cpp_nocom>
</voidClassVar::ReleaseM(boolKeep) @@@ ClassCRHM.cpp_nocom>
<voidClassVar::ReleaseM(boolKeep) @@@ ClassCRHM.cpp_nocom>
</voidClassVar::ReleaseM(boolKeep) @@@ ClassCRHM.cpp_nocom>
<voidClassVar::ReleaseM(boolKeep) @@@ ClassCRHM.cpp_nocom>
</voidClassVar::ReleaseM(boolKeep) @@@ ClassCRHM.cpp_nocom>
<voidClassVar::ReleaseM(boolKeep) @@@ ClassCRHM.cpp_nocom>
</voidClassVar::ReleaseM(boolKeep) @@@ ClassCRHM.cpp_nocom>
<voidClassVar::ReleaseM(boolKeep) @@@ ClassCRHM.cpp_nocom>
</voidClassVar::ReleaseM(boolKeep) @@@ ClassCRHM.cpp_nocom>
<voidClassVar::ReleaseM(boolKeep) @@@ ClassCRHM.cpp_nocom>
</voidClassVar::ReleaseM(boolKeep) @@@ ClassCRHM.cpp_nocom>
<voidClassVar::ReleaseM(boolKeep) @@@ ClassCRHM.cpp_nocom>
</voidClassVar::ReleaseM(boolKeep) @@@ ClassCRHM.cpp_nocom>
<voidClassVar::ReleaseM(boolKeep) @@@ ClassCRHM.cpp_nocom>
</voidClassVar::ReleaseM(boolKeep) @@@ ClassCRHM.cpp_nocom>
<voidClassVar::ReleaseM(boolKeep) @@@ ClassCRHM.cpp_nocom>
</voidClassVar::ReleaseM(boolKeep) @@@ ClassCRHM.cpp_nocom>
<voidClassVar::ReleaseM(boolKeep) @@@ ClassCRHM.cpp_nocom>
</voidClassVar::ReleaseM(boolKeep) @@@ ClassCRHM.cpp_nocom>
<voidClassVar::ReleaseM(boolKeep) @@@ ClassCRHM.cpp_nocom>
</voidClassVar::ReleaseM(boolKeep) @@@ ClassCRHM.cpp_nocom>
<voidClassVar::ReleaseM(boolKeep) @@@ ClassCRHM.cpp_nocom>
</voidClassVar::ReleaseM(boolKeep) @@@ ClassCRHM.cpp_nocom>
<voidClassVar::ReleaseM(boolKeep) @@@ ClassCRHM.cpp_nocom>
</voidClassVar::ReleaseM(boolKeep) @@@ ClassCRHM.cpp_nocom>
<voidClassVar::ReleaseM(boolKeep) @@@ ClassCRHM.cpp_nocom>
</voidClassVar::ReleaseM(boolKeep) @@@ ClassCRHM.cpp_nocom>
<voidClassVar::ReleaseM(boolKeep) @@@ ClassCRHM.cpp_nocom>
</voidClassVar::ReleaseM(boolKeep) @@@ ClassCRHM.cpp_nocom>
<voidClassVar::ReleaseM(boolKeep) @@@ ClassCRHM.cpp_nocom>
</voidClassVar::ReleaseM(boolKeep) @@@ ClassCRHM.cpp_nocom>
<voidClassVar::ReleaseM(boolKeep) @@@ ClassCRHM.cpp_nocom>
</voidClassVar::ReleaseM(boolKeep) @@@ ClassCRHM.cpp_nocom>
<voidClassVar::ReleaseM(boolKeep) @@@ ClassCRHM.cpp_nocom>
</voidClassVar::ReleaseM(boolKeep) @@@ ClassCRHM.cpp_nocom>
<voidClassVar::ReleaseM(boolKeep) @@@ ClassCRHM.cpp_nocom>
</voidClassVar::ReleaseM(boolKeep) @@@ ClassCRHM.cpp_nocom>
<voidClassVar::ReleaseM(boolKeep) @@@ ClassCRHM.cpp_nocom>
</voidClassVar::ReleaseM(boolKeep) @@@ ClassCRHM.cpp_nocom>
<voidClassVar::ReleaseM(boolKeep) @@@ ClassCRHM.cpp_nocom>
</voidClassVar::ReleaseM(boolKeep) @@@ ClassCRHM.cpp_nocom>
<voidClassVar::ReleaseM(boolKeep) @@@ ClassCRHM.cpp_nocom>
</voidClassVar::ReleaseM(boolKeep) @@@ ClassCRHM.cpp_nocom>
<voidClassVar::ReleaseM(boolKeep) @@@ ClassCRHM.cpp_nocom>
</voidClassVar::ReleaseM(boolKeep) @@@ ClassCRHM.cpp_nocom>
<voidClassVar::ReleaseM(boolKeep) @@@ ClassCRHM.cpp_nocom>
</voidClassVar::ReleaseM(boolKeep) @@@ ClassCRHM.cpp_nocom>
<voidClassVar::ReleaseM(boolKeep) @@@ ClassCRHM.cpp_nocom>
</voidClassVar::ReleaseM(boolKeep) @@@ ClassCRHM.cpp_nocom>
<voidClassVar::ReleaseM(boolKeep) @@@ ClassCRHM.cpp_nocom>
</voidClassVar::ReleaseM(boolKeep) @@@ ClassCRHM.cpp_nocom>
<voidClassVar::ReleaseM(boolKeep) @@@ ClassCRHM.cpp_nocom>
</voidClassVar::ReleaseM(boolKeep) @@@ ClassCRHM.cpp_nocom>
<voidClassVar::ReleaseM(boolKeep) @@@ ClassCRHM.cpp_nocom>
</voidClassVar::ReleaseM(boolKeep) @@@ ClassCRHM.cpp_nocom>
<voidClassVar::ReleaseM(boolKeep) @@@ ClassCRHM.cpp_nocom>
</voidClassVar::ReleaseM(boolKeep) @@@ ClassCRHM.cpp_nocom>
<voidClassVar::ReleaseM(boolKeep) @@@ ClassCRHM.cpp_nocom>
</voidClassVar::ReleaseM(boolKeep) @@@ ClassCRHM.cpp_nocom>
<voidClassVar::ReleaseM(boolKeep) @@@ ClassCRHM.cpp_nocom>
</voidClassVar::ReleaseM(boolKeep) @@@ ClassCRHM.cpp_nocom>
<voidClassVar::ReleaseM(boolKeep) @@@ ClassCRHM.cpp_nocom>
</voidClassVar::ReleaseM(boolKeep) @@@ ClassCRHM.cpp_nocom>
<voidClassVar::ReleaseM(boolKeep) @@@ ClassCRHM.cpp_nocom>
</voidClassVar::ReleaseM(boolKeep) @@@ ClassCRHM.cpp_nocom>
<voidClassVar::ReleaseM(boolKeep) @@@ ClassCRHM.cpp_nocom>
</voidClassVar::ReleaseM(boolKeep) @@@ ClassCRHM.cpp_nocom>
<voidClassVar::ReleaseM(boolKeep) @@@ ClassCRHM.cpp_nocom>
</voidClassVar::ReleaseM(boolKeep) @@@ ClassCRHM.cpp_nocom>
<voidClassVar::ReleaseM(boolKeep) @@@ ClassCRHM.cpp_nocom>
</voidClassVar::ReleaseM(boolKeep) @@@ ClassCRHM.cpp_nocom>
<voidClassVar::ReleaseM(boolKeep) @@@ ClassCRHM.cpp_nocom>
</voidClassVar::ReleaseM(boolKeep) @@@ ClassCRHM.cpp_nocom>
<voidClassVar::ReleaseM(boolKeep) @@@ ClassCRHM.cpp_nocom>
</voidClassVar::ReleaseM(boolKeep) @@@ ClassCRHM.cpp_nocom>
<voidClassVar::ReleaseM(boolKeep) @@@ ClassCRHM.cpp_nocom>
</voidClassVar::ReleaseM(boolKeep) @@@ ClassCRHM.cpp_nocom>
<voidClassVar::ReleaseM(boolKeep) @@@ ClassCRHM.cpp_nocom>
</voidClassVar::ReleaseM(boolKeep) @@@ ClassCRHM.cpp_nocom>
<voidClassVar::ReleaseM(boolKeep) @@@ ClassCRHM.cpp_nocom>
</voidClassVar::ReleaseM(boolKeep) @@@ ClassCRHM.cpp_nocom>
<voidClassVar::ReleaseM(boolKeep) @@@ ClassCRHM.cpp_nocom>
</voidClassVar::ReleaseM(boolKeep) @@@ ClassCRHM.cpp_nocom>
<voidClassVar::ReleaseM(boolKeep) @@@ ClassCRHM.cpp_nocom>
</voidClassVar::ReleaseM(boolKeep) @@@ ClassCRHM.cpp_nocom>
<voidClassVar::ReleaseM(boolKeep) @@@ ClassCRHM.cpp_nocom>
</voidClassVar::ReleaseM(boolKeep) @@@ ClassCRHM.cpp_nocom>
<voidClassVar::ReleaseM(boolKeep) @@@ ClassCRHM.cpp_nocom>
</voidClassVar::ReleaseM(boolKeep) @@@ ClassCRHM.cpp_nocom>
<voidClassVar::ReleaseM(boolKeep) @@@ ClassCRHM.cpp_nocom>
</voidClassVar::ReleaseM(boolKeep) @@@ ClassCRHM.cpp_nocom>
<voidClassVar::ReleaseM(boolKeep) @@@ ClassCRHM.cpp_nocom>
</voidClassVar::ReleaseM(boolKeep) @@@ ClassCRHM.cpp_nocom>
<voidClassVar::ReleaseM(boolKeep) @@@ ClassCRHM.cpp_nocom>
</voidClassVar::ReleaseM(boolKeep) @@@ ClassCRHM.cpp_nocom>
<voidClassVar::ReleaseM(boolKeep) @@@ ClassCRHM.cpp_nocom>
</voidClassVar::ReleaseM(boolKeep) @@@ ClassCRHM.cpp_nocom>
<voidClassVar::ReleaseM(boolKeep) @@@ ClassCRHM.cpp_nocom>
</voidClassVar::ReleaseM(boolKeep) @@@ ClassCRHM.cpp_nocom>
<voidClassVar::ReleaseM(boolKeep) @@@ ClassCRHM.cpp_nocom>
</voidClassVar::ReleaseM(boolKeep) @@@ ClassCRHM.cpp_nocom>
<voidClassVar::ReleaseM(boolKeep) @@@ ClassCRHM.cpp_nocom>
</voidClassVar::ReleaseM(boolKeep) @@@ ClassCRHM.cpp_nocom>
<voidClassVar::ReleaseM(boolKeep) @@@ ClassCRHM.cpp_nocom>
</voidClassVar::ReleaseM(boolKeep) @@@ ClassCRHM.cpp_nocom>
<voidClassVar::ReleaseM(boolKeep) @@@ ClassCRHM.cpp_nocom>
</voidClassVar::ReleaseM(boolKeep) @@@ ClassCRHM.cpp_nocom>
<voidClassVar::ReleaseM(boolKeep) @@@ ClassCRHM.cpp_nocom>
</voidClassVar::ReleaseM(boolKeep) @@@ ClassCRHM.cpp_nocom>
<voidClassVar::ReleaseM(boolKeep) @@@ ClassCRHM.cpp_nocom>
</voidClassVar::ReleaseM(boolKeep) @@@ ClassCRHM.cpp_nocom>
<voidClassVar::ReleaseM(boolKeep) @@@ ClassCRHM.cpp_nocom>
</voidClassVar::ReleaseM(boolKeep) @@@ ClassCRHM.cpp_nocom>
<voidClassVar::ReleaseM(boolKeep) @@@ ClassCRHM.cpp_nocom>
</voidClassVar::ReleaseM(boolKeep) @@@ ClassCRHM.cpp_nocom>
<voidClassVar::ReleaseM(boolKeep) @@@ ClassCRHM.cpp_nocom>
</voidClassVar::ReleaseM(boolKeep) @@@ ClassCRHM.cpp_nocom>
<voidClassVar::ReleaseM(boolKeep) @@@ ClassCRHM.cpp_nocom>
</voidClassVar::ReleaseM(boolKeep) @@@ ClassCRHM.cpp_nocom>
<voidClassVar::ReleaseM(boolKeep) @@@ ClassCRHM.cpp_nocom>
</voidClassVar::ReleaseM(boolKeep) @@@ ClassCRHM.cpp_nocom>
<voidClassVar::ReleaseM(boolKeep) @@@ ClassCRHM.cpp_nocom>
</voidClassVar::ReleaseM(boolKeep) @@@ ClassCRHM.cpp_nocom>
<voidClassVar::ReleaseM(boolKeep) @@@ ClassCRHM.cpp_nocom>
</voidClassVar::ReleaseM(boolKeep) @@@ ClassCRHM.cpp_nocom>
<voidClassVar::ReleaseM(boolKeep) @@@ ClassCRHM.cpp_nocom>
</voidClassVar::ReleaseM(boolKeep) @@@ ClassCRHM.cpp_nocom>
<voidClassVar::ReleaseM(boolKeep) @@@ ClassCRHM.cpp_nocom>
</voidClassVar::ReleaseM(boolKeep) @@@ ClassCRHM.cpp_nocom>
<voidClassVar::ReleaseM(boolKeep) @@@ ClassCRHM.cpp_nocom>
</voidClassVar::ReleaseM(boolKeep) @@@ ClassCRHM.cpp_nocom>
<voidClassVar::ReleaseM(boolKeep) @@@ ClassCRHM.cpp_nocom>
</voidClassVar::ReleaseM(boolKeep) @@@ ClassCRHM.cpp_nocom>
<voidClassVar::ReleaseM(boolKeep) @@@ ClassCRHM.cpp_nocom>
</voidClassVar::ReleaseM(boolKeep) @@@ ClassCRHM.cpp_nocom>
<voidClassVar::ReleaseM(boolKeep) @@@ ClassCRHM.cpp_nocom>
</voidClassVar::ReleaseM(boolKeep) @@@ ClassCRHM.cpp_nocom>
<voidClassVar::ReleaseM(boolKeep) @@@ ClassCRHM.cpp_nocom>
</voidClassVar::ReleaseM(boolKeep) @@@ ClassCRHM.cpp_nocom>
<voidClassVar::ReleaseM(boolKeep) @@@ ClassCRHM.cpp_nocom>
</voidClassVar::ReleaseM(boolKeep) @@@ ClassCRHM.cpp_nocom>
<voidClassVar::ReleaseM(boolKeep) @@@ ClassCRHM.cpp_nocom>
</voidClassVar::ReleaseM(boolKeep) @@@ ClassCRHM.cpp_nocom>
<voidClassVar::ReleaseM(boolKeep) @@@ ClassCRHM.cpp_nocom>
</voidClassVar::ReleaseM(boolKeep) @@@ ClassCRHM.cpp_nocom>
<voidClassVar::ReleaseM(boolKeep) @@@ ClassCRHM.cpp_nocom>
</voidClassVar::ReleaseM(boolKeep) @@@ ClassCRHM.cpp_nocom>
<voidClassVar::ReleaseM(boolKeep) @@@ ClassCRHM.cpp_nocom>
</voidClassVar::ReleaseM(boolKeep) @@@ ClassCRHM.cpp_nocom>
<voidClassVar::ReleaseM(boolKeep) @@@ ClassCRHM.cpp_nocom>
</voidClassVar::ReleaseM(boolKeep) @@@ ClassCRHM.cpp_nocom>
<voidClassVar::ReleaseM(boolKeep) @@@ ClassCRHM.cpp_nocom>
</voidClassVar::ReleaseM(boolKeep) @@@ ClassCRHM.cpp_nocom>
<voidClassVar::ReleaseM(boolKeep) @@@ ClassCRHM.cpp_nocom>
</voidClassVar::ReleaseM(boolKeep) @@@ ClassCRHM.cpp_nocom>
<voidClassVar::ReleaseM(boolKeep) @@@ ClassCRHM.cpp_nocom>
</voidClassVar::ReleaseM(boolKeep) @@@ ClassCRHM.cpp_nocom>
<voidClassVar::ReleaseM(boolKeep) @@@ ClassCRHM.cpp_nocom>
</voidClassVar::ReleaseM(boolKeep) @@@ ClassCRHM.cpp_nocom>
<voidClassVar::ReleaseM(boolKeep) @@@ ClassCRHM.cpp_nocom>
</voidClassVar::ReleaseM(boolKeep) @@@ ClassCRHM.cpp_nocom>
<voidClassVar::ReleaseM(boolKeep) @@@ ClassCRHM.cpp_nocom>
</voidClassVar::ReleaseM(boolKeep) @@@ ClassCRHM.cpp_nocom>
<voidClassVar::ReleaseM(boolKeep) @@@ ClassCRHM.cpp_nocom>
</voidClassVar::ReleaseM(boolKeep) @@@ ClassCRHM.cpp_nocom>
<voidClassVar::ReleaseM(boolKeep) @@@ ClassCRHM.cpp_nocom>
</voidClassVar::ReleaseM(boolKeep) @@@ ClassCRHM.cpp_nocom>
<voidClassVar::ReleaseM(boolKeep) @@@ ClassCRHM.cpp_nocom>
</voidClassVar::ReleaseM(boolKeep) @@@ ClassCRHM.cpp_nocom>
<voidClassVar::ReleaseM(boolKeep) @@@ ClassCRHM.cpp_nocom>
</voidClassVar::ReleaseM(boolKeep) @@@ ClassCRHM.cpp_nocom>
<voidClassVar::ReleaseM(boolKeep) @@@ ClassCRHM.cpp_nocom>
</voidClassVar::ReleaseM(boolKeep) @@@ ClassCRHM.cpp_nocom>
<voidClassVar::ReleaseM(boolKeep) @@@ ClassCRHM.cpp_nocom>
</voidClassVar::ReleaseM(boolKeep) @@@ ClassCRHM.cpp_nocom>
<voidClassVar::ReleaseM(boolKeep) @@@ ClassCRHM.cpp_nocom>
</voidClassVar::ReleaseM(boolKeep) @@@ ClassCRHM.cpp_nocom>
<voidClassVar::ReleaseM(boolKeep) @@@ ClassCRHM.cpp_nocom>
</voidClassVar::ReleaseM(boolKeep) @@@ ClassCRHM.cpp_nocom>
<voidClassVar::ReleaseM(boolKeep) @@@ ClassCRHM.cpp_nocom>
</voidClassVar::ReleaseM(boolKeep) @@@ ClassCRHM.cpp_nocom>
<voidClassVar::ReleaseM(boolKeep) @@@ ClassCRHM.cpp_nocom>
</voidClassVar::ReleaseM(boolKeep) @@@ ClassCRHM.cpp_nocom>
<voidClassVar::ReleaseM(boolKeep) @@@ ClassCRHM.cpp_nocom>
</voidClassVar::ReleaseM(boolKeep) @@@ ClassCRHM.cpp_nocom>
<voidClassVar::ReleaseM(boolKeep) @@@ ClassCRHM.cpp_nocom>
</voidClassVar::ReleaseM(boolKeep) @@@ ClassCRHM.cpp_nocom>
<voidClassVar::ReleaseM(boolKeep) @@@ ClassCRHM.cpp_nocom>
</voidClassVar::ReleaseM(boolKeep) @@@ ClassCRHM.cpp_nocom>
<voidClassVar::ReleaseM(boolKeep) @@@ ClassCRHM.cpp_nocom>
</voidClassVar::ReleaseM(boolKeep) @@@ ClassCRHM.cpp_nocom>
<voidClassVar::ReleaseM(boolKeep) @@@ ClassCRHM.cpp_nocom>
</voidClassVar::ReleaseM(boolKeep) @@@ ClassCRHM.cpp_nocom>
<voidClassVar::ReleaseM(boolKeep) @@@ ClassCRHM.cpp_nocom>
</voidClassVar::ReleaseM(boolKeep) @@@ ClassCRHM.cpp_nocom>
<voidClassVar::ReleaseM(boolKeep) @@@ ClassCRHM.cpp_nocom>
</voidClassVar::ReleaseM(boolKeep) @@@ ClassCRHM.cpp_nocom>
<voidClassVar::ReleaseM(boolKeep) @@@ ClassCRHM.cpp_nocom>
</voidClassVar::ReleaseM(boolKeep) @@@ ClassCRHM.cpp_nocom>
<voidClassVar::ReleaseM(boolKeep) @@@ ClassCRHM.cpp_nocom>
</voidClassVar::ReleaseM(boolKeep) @@@ ClassCRHM.cpp_nocom>
<voidClassVar::ReleaseM(boolKeep) @@@ ClassCRHM.cpp_nocom>
</voidClassVar::ReleaseM(boolKeep) @@@ ClassCRHM.cpp_nocom>
<voidClassVar::ReleaseM(boolKeep) @@@ ClassCRHM.cpp_nocom>
</voidClassVar::ReleaseM(boolKeep) @@@ ClassCRHM.cpp_nocom>
<voidClassVar::ReleaseM(boolKeep) @@@ ClassCRHM.cpp_nocom>
</voidClassVar::ReleaseM(boolKeep) @@@ ClassCRHM.cpp_nocom>
<voidClassVar::ReleaseM(boolKeep) @@@ ClassCRHM.cpp_nocom>
</voidClassVar::ReleaseM(boolKeep) @@@ ClassCRHM.cpp_nocom>
<voidClassVar::ReleaseM(boolKeep) @@@ ClassCRHM.cpp_nocom>
</voidClassVar::ReleaseM(boolKeep) @@@ ClassCRHM.cpp_nocom>
<voidClassVar::ReleaseM(boolKeep) @@@ ClassCRHM.cpp_nocom>
</voidClassVar::ReleaseM(boolKeep) @@@ ClassCRHM.cpp_nocom>
<voidClassVar::ReleaseM(boolKeep) @@@ ClassCRHM.cpp_nocom>
</voidClassVar::ReleaseM(boolKeep) @@@ ClassCRHM.cpp_nocom>
<voidClassVar::ReleaseM(boolKeep) @@@ ClassCRHM.cpp_nocom>
</voidClassVar::ReleaseM(boolKeep) @@@ ClassCRHM.cpp_nocom>
<voidClassVar::ReleaseM(boolKeep) @@@ ClassCRHM.cpp_nocom>
</voidClassVar::ReleaseM(boolKeep) @@@ ClassCRHM.cpp_nocom>
<voidClassVar::ReleaseM(boolKeep) @@@ ClassCRHM.cpp_nocom>
</voidClassVar::ReleaseM(boolKeep) @@@ ClassCRHM.cpp_nocom>
<voidClassVar::ReleaseM(boolKeep) @@@ ClassCRHM.cpp_nocom>
</voidClassVar::ReleaseM(boolKeep) @@@ ClassCRHM.cpp_nocom>
<voidClassVar::ReleaseM(boolKeep) @@@ ClassCRHM.cpp_nocom>
</voidClassVar::ReleaseM(boolKeep) @@@ ClassCRHM.cpp_nocom>
<voidClassVar::ReleaseM(boolKeep) @@@ ClassCRHM.cpp_nocom>
</voidClassVar::ReleaseM(boolKeep) @@@ ClassCRHM.cpp_nocom>
<voidClassVar::ReleaseM(boolKeep) @@@ ClassCRHM.cpp_nocom>
</voidClassVar::ReleaseM(boolKeep) @@@ ClassCRHM.cpp_nocom>
<voidClassVar::ReleaseM(boolKeep) @@@ ClassCRHM.cpp_nocom>
</voidClassVar::ReleaseM(boolKeep) @@@ ClassCRHM.cpp_nocom>
<voidClassVar::ReleaseM(boolKeep) @@@ ClassCRHM.cpp_nocom>
</voidClassVar::ReleaseM(boolKeep) @@@ ClassCRHM.cpp_nocom>
<voidClassVar::ReleaseM(boolKeep) @@@ ClassCRHM.cpp_nocom>
</voidClassVar::ReleaseM(boolKeep) @@@ ClassCRHM.cpp_nocom>
<voidClassVar::ReleaseM(boolKeep) @@@ ClassCRHM.cpp_nocom>
</voidClassVar::ReleaseM(boolKeep) @@@ ClassCRHM.cpp_nocom>
<voidClassVar::ReleaseM(boolKeep) @@@ ClassCRHM.cpp_nocom>
</voidClassVar::ReleaseM(boolKeep) @@@ ClassCRHM.cpp_nocom>
<voidClassVar::ReleaseM(boolKeep) @@@ ClassCRHM.cpp_nocom>
</voidClassVar::ReleaseM(boolKeep) @@@ ClassCRHM.cpp_nocom>
<voidClassVar::ReleaseM(boolKeep) @@@ ClassCRHM.cpp_nocom>
</voidClassVar::ReleaseM(boolKeep) @@@ ClassCRHM.cpp_nocom>
<voidClassVar::ReleaseM(boolKeep) @@@ ClassCRHM.cpp_nocom>
</voidClassVar::ReleaseM(boolKeep) @@@ ClassCRHM.cpp_nocom>
<voidClassVar::ReleaseM(boolKeep) @@@ ClassCRHM.cpp_nocom>
</voidClassVar::ReleaseM(boolKeep) @@@ ClassCRHM.cpp_nocom>
<voidClassVar::ReleaseM(boolKeep) @@@ ClassCRHM.cpp_nocom>
</voidClassVar::ReleaseM(boolKeep) @@@ ClassCRHM.cpp_nocom>
<voidClassVar::ReleaseM(boolKeep) @@@ ClassCRHM.cpp_nocom>
</voidClassVar::ReleaseM(boolKeep) @@@ ClassCRHM.cpp_nocom>
<voidClassVar::ReleaseM(boolKeep) @@@ ClassCRHM.cpp_nocom>
</voidClassVar::ReleaseM(boolKeep) @@@ ClassCRHM.cpp_nocom>
<voidClassVar::ReleaseM(boolKeep) @@@ ClassCRHM.cpp_nocom>
</voidClassVar::ReleaseM(boolKeep) @@@ ClassCRHM.cpp_nocom>
<voidClassVar::ReleaseM(boolKeep) @@@ ClassCRHM.cpp_nocom>
</voidClassVar::ReleaseM(boolKeep) @@@ ClassCRHM.cpp_nocom>
<voidClassVar::ReleaseM(boolKeep) @@@ ClassCRHM.cpp_nocom>
</voidClassVar::ReleaseM(boolKeep) @@@ ClassCRHM.cpp_nocom>
<voidClassVar::ReleaseM(boolKeep) @@@ ClassCRHM.cpp_nocom>
</voidClassVar::ReleaseM(boolKeep) @@@ ClassCRHM.cpp_nocom>
<voidClassVar::ReleaseM(boolKeep) @@@ ClassCRHM.cpp_nocom>
</voidClassVar::ReleaseM(boolKeep) @@@ ClassCRHM.cpp_nocom>
<voidClassVar::ReleaseM(boolKeep) @@@ ClassCRHM.cpp_nocom>
</voidClassVar::ReleaseM(boolKeep) @@@ ClassCRHM.cpp_nocom>
<voidClassVar::ReleaseM(boolKeep) @@@ ClassCRHM.cpp_nocom>
</voidClassVar::ReleaseM(boolKeep) @@@ ClassCRHM.cpp_nocom>
<voidClassVar::ReleaseM(boolKeep) @@@ ClassCRHM.cpp_nocom>
</voidClassVar::ReleaseM(boolKeep) @@@ ClassCRHM.cpp_nocom>
<voidClassVar::ReleaseM(boolKeep) @@@ ClassCRHM.cpp_nocom>
</voidClassVar::ReleaseM(boolKeep) @@@ ClassCRHM.cpp_nocom>
<voidClassVar::ReleaseM(boolKeep) @@@ ClassCRHM.cpp_nocom>
</voidClassVar::ReleaseM(boolKeep) @@@ ClassCRHM.cpp_nocom>
<voidClassVar::ReleaseM(boolKeep) @@@ ClassCRHM.cpp_nocom>
</voidClassVar::ReleaseM(boolKeep) @@@ ClassCRHM.cpp_nocom>
<voidClassVar::ReleaseM(boolKeep) @@@ ClassCRHM.cpp_nocom>
</voidClassVar::ReleaseM(boolKeep) @@@ ClassCRHM.cpp_nocom>
<voidClassVar::ReleaseM(boolKeep) @@@ ClassCRHM.cpp_nocom>
</voidClassVar::ReleaseM(boolKeep) @@@ ClassCRHM.cpp_nocom>
<voidClassVar::ReleaseM(boolKeep) @@@ ClassCRHM.cpp_nocom>
</voidClassVar::ReleaseM(boolKeep) @@@ ClassCRHM.cpp_nocom>
<voidClassVar::ReleaseM(boolKeep) @@@ ClassCRHM.cpp_nocom>
</voidClassVar::ReleaseM(boolKeep) @@@ ClassCRHM.cpp_nocom>
<voidClassVar::ReleaseM(boolKeep) @@@ ClassCRHM.cpp_nocom>
</voidClassVar::ReleaseM(boolKeep) @@@ ClassCRHM.cpp_nocom>
<voidClassVar::ReleaseM(boolKeep) @@@ ClassCRHM.cpp_nocom>
</voidClassVar::ReleaseM(boolKeep) @@@ ClassCRHM.cpp_nocom>
<voidClassVar::ReleaseM(boolKeep) @@@ ClassCRHM.cpp_nocom>
</voidClassVar::ReleaseM(boolKeep) @@@ ClassCRHM.cpp_nocom>
<voidClassVar::ReleaseM(boolKeep) @@@ ClassCRHM.cpp_nocom>
</voidClassVar::ReleaseM(boolKeep) @@@ ClassCRHM.cpp_nocom>
<voidClassVar::ReleaseM(boolKeep) @@@ ClassCRHM.cpp_nocom>
</voidClassVar::ReleaseM(boolKeep) @@@ ClassCRHM.cpp_nocom>
<voidClassVar::ReleaseM(boolKeep) @@@ ClassCRHM.cpp_nocom>
</voidClassVar::ReleaseM(boolKeep) @@@ ClassCRHM.cpp_nocom>
<voidClassVar::ReleaseM(boolKeep) @@@ ClassCRHM.cpp_nocom>
</voidClassVar::ReleaseM(boolKeep) @@@ ClassCRHM.cpp_nocom>
<voidClassVar::ReleaseM(boolKeep) @@@ ClassCRHM.cpp_nocom>
</voidClassVar::ReleaseM(boolKeep) @@@ ClassCRHM.cpp_nocom>
<voidClassVar::ReleaseM(boolKeep) @@@ ClassCRHM.cpp_nocom>
</voidClassVar::ReleaseM(boolKeep) @@@ ClassCRHM.cpp_nocom>
<voidClassVar::ReleaseM(boolKeep) @@@ ClassCRHM.cpp_nocom>
</voidClassVar::ReleaseM(boolKeep) @@@ ClassCRHM.cpp_nocom>
<voidClassVar::ReleaseM(boolKeep) @@@ ClassCRHM.cpp_nocom>
</voidClassVar::ReleaseM(boolKeep) @@@ ClassCRHM.cpp_nocom>
<voidClassVar::ReleaseM(boolKeep) @@@ ClassCRHM.cpp_nocom>
</voidClassVar::ReleaseM(boolKeep) @@@ ClassCRHM.cpp_nocom>
<voidClassVar::ReleaseM(boolKeep) @@@ ClassCRHM.cpp_nocom>
</voidClassVar::ReleaseM(boolKeep) @@@ ClassCRHM.cpp_nocom>
<voidClassVar::ReleaseM(boolKeep) @@@ ClassCRHM.cpp_nocom>
</voidClassVar::ReleaseM(boolKeep) @@@ ClassCRHM.cpp_nocom>
<voidClassVar::ReleaseM(boolKeep) @@@ ClassCRHM.cpp_nocom>
</voidClassVar::ReleaseM(boolKeep) @@@ ClassCRHM.cpp_nocom>
<voidClassVar::ReleaseM(boolKeep) @@@ ClassCRHM.cpp_nocom>
</voidClassVar::ReleaseM(boolKeep) @@@ ClassCRHM.cpp_nocom>
<voidClassVar::ReleaseM(boolKeep) @@@ ClassCRHM.cpp_nocom>
</voidClassVar::ReleaseM(boolKeep) @@@ ClassCRHM.cpp_nocom>
<voidClassVar::ReleaseM(boolKeep) @@@ ClassCRHM.cpp_nocom>
</voidClassVar::ReleaseM(boolKeep) @@@ ClassCRHM.cpp_nocom>
<voidClassVar::ReleaseM(boolKeep) @@@ ClassCRHM.cpp_nocom>
</voidClassVar::ReleaseM(boolKeep) @@@ ClassCRHM.cpp_nocom>
<voidClassVar::ReleaseM(boolKeep) @@@ ClassCRHM.cpp_nocom>
</voidClassVar::ReleaseM(boolKeep) @@@ ClassCRHM.cpp_nocom>
<voidClassVar::ReleaseM(boolKeep) @@@ ClassCRHM.cpp_nocom>
</voidClassVar::ReleaseM(boolKeep) @@@ ClassCRHM.cpp_nocom>
<voidClassVar::ReleaseM(boolKeep) @@@ ClassCRHM.cpp_nocom>
</voidClassVar::ReleaseM(boolKeep) @@@ ClassCRHM.cpp_nocom>
<voidClassVar::ReleaseM(boolKeep) @@@ ClassCRHM.cpp_nocom>
</voidClassVar::ReleaseM(boolKeep) @@@ ClassCRHM.cpp_nocom>
<voidClassVar::ReleaseM(boolKeep) @@@ ClassCRHM.cpp_nocom>
</voidClassVar::ReleaseM(boolKeep) @@@ ClassCRHM.cpp_nocom>
<voidClassVar::ReleaseM(boolKeep) @@@ ClassCRHM.cpp_nocom>
</voidClassVar::ReleaseM(boolKeep) @@@ ClassCRHM.cpp_nocom>
<voidClassVar::ReleaseM(boolKeep) @@@ ClassCRHM.cpp_nocom>
</voidClassVar::ReleaseM(boolKeep) @@@ ClassCRHM.cpp_nocom>
<voidClassVar::ReleaseM(boolKeep) @@@ ClassCRHM.cpp_nocom>
</voidClassVar::ReleaseM(boolKeep) @@@ ClassCRHM.cpp_nocom>
<voidClassVar::ReleaseM(boolKeep) @@@ ClassCRHM.cpp_nocom>
</voidClassVar::ReleaseM(boolKeep) @@@ ClassCRHM.cpp_nocom>
<voidClassVar::ReleaseM(boolKeep) @@@ ClassCRHM.cpp_nocom>
</voidClassVar::ReleaseM(boolKeep) @@@ ClassCRHM.cpp_nocom>
<voidClassVar::ReleaseM(boolKeep) @@@ ClassCRHM.cpp_nocom>
</voidClassVar::ReleaseM(boolKeep) @@@ ClassCRHM.cpp_nocom>
<voidClassVar::ReleaseM(boolKeep) @@@ ClassCRHM.cpp_nocom>
</voidClassVar::ReleaseM(boolKeep) @@@ ClassCRHM.cpp_nocom>
<voidClassVar::ReleaseM(boolKeep) @@@ ClassCRHM.cpp_nocom>
</voidClassVar::ReleaseM(boolKeep) @@@ ClassCRHM.cpp_nocom>
<voidClassVar::ReleaseM(boolKeep) @@@ ClassCRHM.cpp_nocom>
</voidClassVar::ReleaseM(boolKeep) @@@ ClassCRHM.cpp_nocom>
<voidClassVar::ReleaseM(boolKeep) @@@ ClassCRHM.cpp_nocom>
</voidClassVar::ReleaseM(boolKeep) @@@ ClassCRHM.cpp_nocom>
<voidClassVar::ReleaseM(boolKeep) @@@ ClassCRHM.cpp_nocom>
</voidClassVar::ReleaseM(boolKeep) @@@ ClassCRHM.cpp_nocom>
<voidClassVar::ReleaseM(boolKeep) @@@ ClassCRHM.cpp_nocom>
</voidClassVar::ReleaseM(boolKeep) @@@ ClassCRHM.cpp_nocom>
<voidClassVar::ReleaseM(boolKeep) @@@ ClassCRHM.cpp_nocom>
</voidClassVar::ReleaseM(boolKeep) @@@ ClassCRHM.cpp_nocom>
<voidClassVar::ReleaseM(boolKeep) @@@ ClassCRHM.cpp_nocom>
</voidClassVar::ReleaseM(boolKeep) @@@ ClassCRHM.cpp_nocom>
<voidClassVar::ReleaseM(boolKeep) @@@ ClassCRHM.cpp_nocom>
</voidClassVar::ReleaseM(boolKeep) @@@ ClassCRHM.cpp_nocom>
<voidClassVar::ReleaseM(boolKeep) @@@ ClassCRHM.cpp_nocom>
</voidClassVar::ReleaseM(boolKeep) @@@ ClassCRHM.cpp_nocom>
<voidClassVar::ReleaseM(boolKeep) @@@ ClassCRHM.cpp_nocom>
</voidClassVar::ReleaseM(boolKeep) @@@ ClassCRHM.cpp_nocom>
<voidClassVar::ReleaseM(boolKeep) @@@ ClassCRHM.cpp_nocom>
</voidClassVar::ReleaseM(boolKeep) @@@ ClassCRHM.cpp_nocom>
<voidClassVar::ReleaseM(boolKeep) @@@ ClassCRHM.cpp_nocom>
</voidClassVar::ReleaseM(boolKeep) @@@ ClassCRHM.cpp_nocom>
<voidClassVar::ReleaseM(boolKeep) @@@ ClassCRHM.cpp_nocom>
</voidClassVar::ReleaseM(boolKeep) @@@ ClassCRHM.cpp_nocom>
<voidClassVar::ReleaseM(boolKeep) @@@ ClassCRHM.cpp_nocom>
</voidClassVar::ReleaseM(boolKeep) @@@ ClassCRHM.cpp_nocom>
<voidClassVar::ReleaseM(boolKeep) @@@ ClassCRHM.cpp_nocom>
</voidClassVar::ReleaseM(boolKeep) @@@ ClassCRHM.cpp_nocom>
<voidClassVar::ReleaseM(boolKeep) @@@ ClassCRHM.cpp_nocom>
</voidClassVar::ReleaseM(boolKeep) @@@ ClassCRHM.cpp_nocom>
<voidClassVar::ReleaseM(boolKeep) @@@ ClassCRHM.cpp_nocom>
</voidClassVar::ReleaseM(boolKeep) @@@ ClassCRHM.cpp_nocom>
<voidClassVar::ReleaseM(boolKeep) @@@ ClassCRHM.cpp_nocom>
</voidClassVar::ReleaseM(boolKeep) @@@ ClassCRHM.cpp_nocom>
<voidClassVar::ReleaseM(boolKeep) @@@ ClassCRHM.cpp_nocom>
</voidClassVar::ReleaseM(boolKeep) @@@ ClassCRHM.cpp_nocom>
<voidClassVar::ReleaseM(boolKeep) @@@ ClassCRHM.cpp_nocom>
</voidClassVar::ReleaseM(boolKeep) @@@ ClassCRHM.cpp_nocom>
<voidClassVar::ReleaseM(boolKeep) @@@ ClassCRHM.cpp_nocom>
</voidClassVar::ReleaseM(boolKeep) @@@ ClassCRHM.cpp_nocom>
<__fastcallClassPar::~ClassPar() @@@ ClassCRHM.cpp_nocom>
</__fastcallClassPar::~ClassPar() @@@ ClassCRHM.cpp_nocom>
<__fastcallClassPar::~ClassPar() @@@ ClassCRHM.cpp_nocom>
</__fastcallClassPar::~ClassPar() @@@ ClassCRHM.cpp_nocom>
<__fastcallClassPar::~ClassPar() @@@ ClassCRHM.cpp_nocom>
</__fastcallClassPar::~ClassPar() @@@ ClassCRHM.cpp_nocom>
<__fastcallClassPar::~ClassPar() @@@ ClassCRHM.cpp_nocom>
</__fastcallClassPar::~ClassPar() @@@ ClassCRHM.cpp_nocom>
<__fastcallClassPar::~ClassPar() @@@ ClassCRHM.cpp_nocom>
</__fastcallClassPar::~ClassPar() @@@ ClassCRHM.cpp_nocom>
<__fastcallClassPar::~ClassPar() @@@ ClassCRHM.cpp_nocom>
</__fastcallClassPar::~ClassPar() @@@ ClassCRHM.cpp_nocom>
<__fastcallClassPar::~ClassPar() @@@ ClassCRHM.cpp_nocom>
</__fastcallClassPar::~ClassPar() @@@ ClassCRHM.cpp_nocom>
<__fastcallClassPar::~ClassPar() @@@ ClassCRHM.cpp_nocom>
</__fastcallClassPar::~ClassPar() @@@ ClassCRHM.cpp_nocom>
<__fastcallClassPar::~ClassPar() @@@ ClassCRHM.cpp_nocom>
</__fastcallClassPar::~ClassPar() @@@ ClassCRHM.cpp_nocom>
<__fastcallClassPar::~ClassPar() @@@ ClassCRHM.cpp_nocom>
</__fastcallClassPar::~ClassPar() @@@ ClassCRHM.cpp_nocom>
<__fastcallClassPar::~ClassPar() @@@ ClassCRHM.cpp_nocom>
</__fastcallClassPar::~ClassPar() @@@ ClassCRHM.cpp_nocom>
<__fastcallClassPar::~ClassPar() @@@ ClassCRHM.cpp_nocom>
</__fastcallClassPar::~ClassPar() @@@ ClassCRHM.cpp_nocom>
<__fastcallClassPar::~ClassPar() @@@ ClassCRHM.cpp_nocom>
</__fastcallClassPar::~ClassPar() @@@ ClassCRHM.cpp_nocom>
<__fastcallClassPar::~ClassPar() @@@ ClassCRHM.cpp_nocom>
</__fastcallClassPar::~ClassPar() @@@ ClassCRHM.cpp_nocom>
<__fastcallClassPar::~ClassPar() @@@ ClassCRHM.cpp_nocom>
</__fastcallClassPar::~ClassPar() @@@ ClassCRHM.cpp_nocom>
<__fastcallClassPar::~ClassPar() @@@ ClassCRHM.cpp_nocom>
</__fastcallClassPar::~ClassPar() @@@ ClassCRHM.cpp_nocom>
<__fastcallClassPar::~ClassPar() @@@ ClassCRHM.cpp_nocom>
</__fastcallClassPar::~ClassPar() @@@ ClassCRHM.cpp_nocom>
<__fastcallClassPar::~ClassPar() @@@ ClassCRHM.cpp_nocom>
</__fastcallClassPar::~ClassPar() @@@ ClassCRHM.cpp_nocom>
<__fastcallClassPar::~ClassPar() @@@ ClassCRHM.cpp_nocom>
</__fastcallClassPar::~ClassPar() @@@ ClassCRHM.cpp_nocom>
<__fastcallClassPar::~ClassPar() @@@ ClassCRHM.cpp_nocom>
</__fastcallClassPar::~ClassPar() @@@ ClassCRHM.cpp_nocom>
<__fastcallClassPar::~ClassPar() @@@ ClassCRHM.cpp_nocom>
</__fastcallClassPar::~ClassPar() @@@ ClassCRHM.cpp_nocom>
<__fastcallClassPar::~ClassPar() @@@ ClassCRHM.cpp_nocom>
</__fastcallClassPar::~ClassPar() @@@ ClassCRHM.cpp_nocom>
<__fastcallClassPar::~ClassPar() @@@ ClassCRHM.cpp_nocom>
</__fastcallClassPar::~ClassPar() @@@ ClassCRHM.cpp_nocom>
<__fastcallClassPar::~ClassPar() @@@ ClassCRHM.cpp_nocom>
</__fastcallClassPar::~ClassPar() @@@ ClassCRHM.cpp_nocom>
<__fastcallClassPar::~ClassPar() @@@ ClassCRHM.cpp_nocom>
</__fastcallClassPar::~ClassPar() @@@ ClassCRHM.cpp_nocom>
<__fastcallClassPar::~ClassPar() @@@ ClassCRHM.cpp_nocom>
</__fastcallClassPar::~ClassPar() @@@ ClassCRHM.cpp_nocom>
<__fastcallClassPar::~ClassPar() @@@ ClassCRHM.cpp_nocom>
</__fastcallClassPar::~ClassPar() @@@ ClassCRHM.cpp_nocom>
<__fastcallClassPar::~ClassPar() @@@ ClassCRHM.cpp_nocom>
</__fastcallClassPar::~ClassPar() @@@ ClassCRHM.cpp_nocom>
<__fastcallClassPar::~ClassPar() @@@ ClassCRHM.cpp_nocom>
</__fastcallClassPar::~ClassPar() @@@ ClassCRHM.cpp_nocom>
<__fastcallClassPar::~ClassPar() @@@ ClassCRHM.cpp_nocom>
</__fastcallClassPar::~ClassPar() @@@ ClassCRHM.cpp_nocom>
<__fastcallClassPar::~ClassPar() @@@ ClassCRHM.cpp_nocom>
</__fastcallClassPar::~ClassPar() @@@ ClassCRHM.cpp_nocom>
<__fastcallClassPar::~ClassPar() @@@ ClassCRHM.cpp_nocom>
</__fastcallClassPar::~ClassPar() @@@ ClassCRHM.cpp_nocom>
<__fastcallClassPar::~ClassPar() @@@ ClassCRHM.cpp_nocom>
</__fastcallClassPar::~ClassPar() @@@ ClassCRHM.cpp_nocom>
<__fastcallClassPar::~ClassPar() @@@ ClassCRHM.cpp_nocom>
</__fastcallClassPar::~ClassPar() @@@ ClassCRHM.cpp_nocom>
<__fastcallClassPar::~ClassPar() @@@ ClassCRHM.cpp_nocom>
</__fastcallClassPar::~ClassPar() @@@ ClassCRHM.cpp_nocom>
<__fastcallClassPar::~ClassPar() @@@ ClassCRHM.cpp_nocom>
</__fastcallClassPar::~ClassPar() @@@ ClassCRHM.cpp_nocom>
<__fastcallClassPar::~ClassPar() @@@ ClassCRHM.cpp_nocom>
</__fastcallClassPar::~ClassPar() @@@ ClassCRHM.cpp_nocom>
<__fastcallClassPar::~ClassPar() @@@ ClassCRHM.cpp_nocom>
</__fastcallClassPar::~ClassPar() @@@ ClassCRHM.cpp_nocom>
<__fastcallClassPar::~ClassPar() @@@ ClassCRHM.cpp_nocom>
</__fastcallClassPar::~ClassPar() @@@ ClassCRHM.cpp_nocom>
<__fastcallClassPar::~ClassPar() @@@ ClassCRHM.cpp_nocom>
</__fastcallClassPar::~ClassPar() @@@ ClassCRHM.cpp_nocom>
<__fastcallClassPar::~ClassPar() @@@ ClassCRHM.cpp_nocom>
</__fastcallClassPar::~ClassPar() @@@ ClassCRHM.cpp_nocom>
<__fastcallClassPar::~ClassPar() @@@ ClassCRHM.cpp_nocom>
</__fastcallClassPar::~ClassPar() @@@ ClassCRHM.cpp_nocom>
<__fastcallClassPar::~ClassPar() @@@ ClassCRHM.cpp_nocom>
</__fastcallClassPar::~ClassPar() @@@ ClassCRHM.cpp_nocom>
<__fastcallClassPar::~ClassPar() @@@ ClassCRHM.cpp_nocom>
</__fastcallClassPar::~ClassPar() @@@ ClassCRHM.cpp_nocom>
<__fastcallClassPar::~ClassPar() @@@ ClassCRHM.cpp_nocom>
</__fastcallClassPar::~ClassPar() @@@ ClassCRHM.cpp_nocom>
<__fastcallClassPar::~ClassPar() @@@ ClassCRHM.cpp_nocom>
</__fastcallClassPar::~ClassPar() @@@ ClassCRHM.cpp_nocom>
<__fastcallClassPar::~ClassPar() @@@ ClassCRHM.cpp_nocom>
</__fastcallClassPar::~ClassPar() @@@ ClassCRHM.cpp_nocom>
<__fastcallClassPar::~ClassPar() @@@ ClassCRHM.cpp_nocom>
</__fastcallClassPar::~ClassPar() @@@ ClassCRHM.cpp_nocom>
<__fastcallClassPar::~ClassPar() @@@ ClassCRHM.cpp_nocom>
</__fastcallClassPar::~ClassPar() @@@ ClassCRHM.cpp_nocom>
<__fastcallClassPar::~ClassPar() @@@ ClassCRHM.cpp_nocom>
</__fastcallClassPar::~ClassPar() @@@ ClassCRHM.cpp_nocom>
<__fastcallClassPar::~ClassPar() @@@ ClassCRHM.cpp_nocom>
</__fastcallClassPar::~ClassPar() @@@ ClassCRHM.cpp_nocom>
<__fastcallClassPar::~ClassPar() @@@ ClassCRHM.cpp_nocom>
</__fastcallClassPar::~ClassPar() @@@ ClassCRHM.cpp_nocom>
<__fastcallClassPar::~ClassPar() @@@ ClassCRHM.cpp_nocom>
</__fastcallClassPar::~ClassPar() @@@ ClassCRHM.cpp_nocom>
<__fastcallClassPar::~ClassPar() @@@ ClassCRHM.cpp_nocom>
</__fastcallClassPar::~ClassPar() @@@ ClassCRHM.cpp_nocom>
<__fastcallClassPar::~ClassPar() @@@ ClassCRHM.cpp_nocom>
</__fastcallClassPar::~ClassPar() @@@ ClassCRHM.cpp_nocom>
<__fastcallClassPar::~ClassPar() @@@ ClassCRHM.cpp_nocom>
</__fastcallClassPar::~ClassPar() @@@ ClassCRHM.cpp_nocom>
<__fastcallClassPar::~ClassPar() @@@ ClassCRHM.cpp_nocom>
</__fastcallClassPar::~ClassPar() @@@ ClassCRHM.cpp_nocom>
<__fastcallClassPar::~ClassPar() @@@ ClassCRHM.cpp_nocom>
</__fastcallClassPar::~ClassPar() @@@ ClassCRHM.cpp_nocom>
<__fastcallClassPar::~ClassPar() @@@ ClassCRHM.cpp_nocom>
</__fastcallClassPar::~ClassPar() @@@ ClassCRHM.cpp_nocom>
<__fastcallClassPar::~ClassPar() @@@ ClassCRHM.cpp_nocom>
</__fastcallClassPar::~ClassPar() @@@ ClassCRHM.cpp_nocom>
<__fastcallClassPar::~ClassPar() @@@ ClassCRHM.cpp_nocom>
</__fastcallClassPar::~ClassPar() @@@ ClassCRHM.cpp_nocom>
<__fastcallClassPar::~ClassPar() @@@ ClassCRHM.cpp_nocom>
</__fastcallClassPar::~ClassPar() @@@ ClassCRHM.cpp_nocom>
<__fastcallClassPar::~ClassPar() @@@ ClassCRHM.cpp_nocom>
</__fastcallClassPar::~ClassPar() @@@ ClassCRHM.cpp_nocom>
<__fastcallClassPar::~ClassPar() @@@ ClassCRHM.cpp_nocom>
</__fastcallClassPar::~ClassPar() @@@ ClassCRHM.cpp_nocom>
<__fastcallClassPar::~ClassPar() @@@ ClassCRHM.cpp_nocom>
</__fastcallClassPar::~ClassPar() @@@ ClassCRHM.cpp_nocom>
<__fastcallClassPar::~ClassPar() @@@ ClassCRHM.cpp_nocom>
</__fastcallClassPar::~ClassPar() @@@ ClassCRHM.cpp_nocom>
<__fastcallClassPar::~ClassPar() @@@ ClassCRHM.cpp_nocom>
</__fastcallClassPar::~ClassPar() @@@ ClassCRHM.cpp_nocom>
<__fastcallClassPar::~ClassPar() @@@ ClassCRHM.cpp_nocom>
</__fastcallClassPar::~ClassPar() @@@ ClassCRHM.cpp_nocom>
<__fastcallClassPar::~ClassPar() @@@ ClassCRHM.cpp_nocom>
</__fastcallClassPar::~ClassPar() @@@ ClassCRHM.cpp_nocom>
<__fastcallClassPar::~ClassPar() @@@ ClassCRHM.cpp_nocom>
</__fastcallClassPar::~ClassPar() @@@ ClassCRHM.cpp_nocom>
<__fastcallClassPar::~ClassPar() @@@ ClassCRHM.cpp_nocom>
</__fastcallClassPar::~ClassPar() @@@ ClassCRHM.cpp_nocom>
<__fastcallClassPar::~ClassPar() @@@ ClassCRHM.cpp_nocom>
</__fastcallClassPar::~ClassPar() @@@ ClassCRHM.cpp_nocom>
<__fastcallClassPar::~ClassPar() @@@ ClassCRHM.cpp_nocom>
</__fastcallClassPar::~ClassPar() @@@ ClassCRHM.cpp_nocom>
<__fastcallClassPar::~ClassPar() @@@ ClassCRHM.cpp_nocom>
</__fastcallClassPar::~ClassPar() @@@ ClassCRHM.cpp_nocom>
<__fastcallClassPar::~ClassPar() @@@ ClassCRHM.cpp_nocom>
</__fastcallClassPar::~ClassPar() @@@ ClassCRHM.cpp_nocom>
<__fastcallClassPar::~ClassPar() @@@ ClassCRHM.cpp_nocom>
</__fastcallClassPar::~ClassPar() @@@ ClassCRHM.cpp_nocom>
<__fastcallClassPar::~ClassPar() @@@ ClassCRHM.cpp_nocom>
</__fastcallClassPar::~ClassPar() @@@ ClassCRHM.cpp_nocom>
<__fastcallClassPar::~ClassPar() @@@ ClassCRHM.cpp_nocom>
</__fastcallClassPar::~ClassPar() @@@ ClassCRHM.cpp_nocom>
<__fastcallClassPar::~ClassPar() @@@ ClassCRHM.cpp_nocom>
</__fastcallClassPar::~ClassPar() @@@ ClassCRHM.cpp_nocom>
<__fastcallClassPar::~ClassPar() @@@ ClassCRHM.cpp_nocom>
</__fastcallClassPar::~ClassPar() @@@ ClassCRHM.cpp_nocom>
<__fastcallClassPar::~ClassPar() @@@ ClassCRHM.cpp_nocom>
</__fastcallClassPar::~ClassPar() @@@ ClassCRHM.cpp_nocom>
<__fastcallClassPar::~ClassPar() @@@ ClassCRHM.cpp_nocom>
</__fastcallClassPar::~ClassPar() @@@ ClassCRHM.cpp_nocom>
<__fastcallClassPar::~ClassPar() @@@ ClassCRHM.cpp_nocom>
</__fastcallClassPar::~ClassPar() @@@ ClassCRHM.cpp_nocom>
<__fastcallClassPar::~ClassPar() @@@ ClassCRHM.cpp_nocom>
</__fastcallClassPar::~ClassPar() @@@ ClassCRHM.cpp_nocom>
<__fastcallClassPar::~ClassPar() @@@ ClassCRHM.cpp_nocom>
</__fastcallClassPar::~ClassPar() @@@ ClassCRHM.cpp_nocom>
<__fastcallClassPar::~ClassPar() @@@ ClassCRHM.cpp_nocom>
</__fastcallClassPar::~ClassPar() @@@ ClassCRHM.cpp_nocom>
<__fastcallClassPar::~ClassPar() @@@ ClassCRHM.cpp_nocom>
</__fastcallClassPar::~ClassPar() @@@ ClassCRHM.cpp_nocom>
<__fastcallClassPar::~ClassPar() @@@ ClassCRHM.cpp_nocom>
</__fastcallClassPar::~ClassPar() @@@ ClassCRHM.cpp_nocom>
</voidModVarRemove(MapVar&MapVars) @@@ ClassCRHM.cpp_nocom>
<voidAdminister::MacroClear() @@@ ClassModule.cpp_nocom>
</voidAdminister::MacroClear() @@@ ClassModule.cpp_nocom>
<void__fastcallTMain::WMGetMinMaxInfo(TWMGetMinMaxInfo&Msg) @@@ CRHMmain.cpp_nocom>
</void__fastcallTMain::WMGetMinMaxInfo(TWMGetMinMaxInfo&Msg) @@@ CRHMmain.cpp_nocom>
</void__fastcallTMain::ClearModules(TObject*Sender,boolAll) @@@ CRHMmain.cpp_nocom>
<voidAdminister::MacroClear() @@@ ClassModule.cpp_nocom>
</voidAdminister::MacroClear() @@@ ClassModule.cpp_nocom>
<void__fastcallTMain::UpDateModelMenu(void) @@@ CRHMmain.cpp_nocom>
<void__fastcallTMain::UpDateHelpMenu(void) @@@ CRHMmain.cpp_nocom>
</void__fastcallTMain::UpDateHelpMenu(void) @@@ CRHMmain.cpp_nocom>
</void__fastcallTMain::UpDateModelMenu(void) @@@ CRHMmain.cpp_nocom>
<void__fastcallTMain::DLL1CloseALLClick(TObject*Sender) @@@ CRHMmain.cpp_nocom>
</void__fastcallTMain::DLL1CloseALLClick(TObject*Sender) @@@ CRHMmain.cpp_nocom>
</void__fastcallTMain::PrjCloseClick(TObject*Sender) @@@ CRHMmain.cpp_nocom>
<void__fastcallTMain::OnHint(TObject*Sender) @@@ CRHMmain.cpp_nocom>
</void__fastcallTMain::OnHint(TObject*Sender) @@@ CRHMmain.cpp_nocom>
<void__fastcallTMain::OnHint(TObject*Sender) @@@ CRHMmain.cpp_nocom>
</void__fastcallTMain::OnHint(TObject*Sender) @@@ CRHMmain.cpp_nocom>
<void__fastcallTMain::OnHint(TObject*Sender) @@@ CRHMmain.cpp_nocom>
</void__fastcallTMain::OnHint(TObject*Sender) @@@ CRHMmain.cpp_nocom>
<void__fastcallTMain::OnHint(TObject*Sender) @@@ CRHMmain.cpp_nocom>
</void__fastcallTMain::OnHint(TObject*Sender) @@@ CRHMmain.cpp_nocom>
<void__fastcallTMain::OnHint(TObject*Sender) @@@ CRHMmain.cpp_nocom>
</void__fastcallTMain::OnHint(TObject*Sender) @@@ CRHMmain.cpp_nocom>
<void__fastcallTMain::OnHint(TObject*Sender) @@@ CRHMmain.cpp_nocom>
</void__fastcallTMain::OnHint(TObject*Sender) @@@ CRHMmain.cpp_nocom>
<void__fastcallTMain::OnHint(TObject*Sender) @@@ CRHMmain.cpp_nocom>
</void__fastcallTMain::OnHint(TObject*Sender) @@@ CRHMmain.cpp_nocom>
<void__fastcallTMain::OnHint(TObject*Sender) @@@ CRHMmain.cpp_nocom>
</void__fastcallTMain::OnHint(TObject*Sender) @@@ CRHMmain.cpp_nocom>
<void__fastcallTMain::OnHint(TObject*Sender) @@@ CRHMmain.cpp_nocom>
</void__fastcallTMain::OnHint(TObject*Sender) @@@ CRHMmain.cpp_nocom>
<void__fastcallTMain::OnHint(TObject*Sender) @@@ CRHMmain.cpp_nocom>
</void__fastcallTMain::OnHint(TObject*Sender) @@@ CRHMmain.cpp_nocom>
<void__fastcallTMain::OnHint(TObject*Sender) @@@ CRHMmain.cpp_nocom>
</void__fastcallTMain::OnHint(TObject*Sender) @@@ CRHMmain.cpp_nocom>
<void__fastcallTMain::OnHint(TObject*Sender) @@@ CRHMmain.cpp_nocom>
</void__fastcallTMain::OnHint(TObject*Sender) @@@ CRHMmain.cpp_nocom>
<void__fastcallTMain::OnHint(TObject*Sender) @@@ CRHMmain.cpp_nocom>
</void__fastcallTMain::OnHint(TObject*Sender) @@@ CRHMmain.cpp_nocom>
<void__fastcallTMain::OnHint(TObject*Sender) @@@ CRHMmain.cpp_nocom>
</void__fastcallTMain::OnHint(TObject*Sender) @@@ CRHMmain.cpp_nocom>
<void__fastcallTMain::OnHint(TObject*Sender) @@@ CRHMmain.cpp_nocom>
</void__fastcallTMain::OnHint(TObject*Sender) @@@ CRHMmain.cpp_nocom>
<void__fastcallTMain::OnHint(TObject*Sender) @@@ CRHMmain.cpp_nocom>
</void__fastcallTMain::OnHint(TObject*Sender) @@@ CRHMmain.cpp_nocom>
<void__fastcallTMain::OnHint(TObject*Sender) @@@ CRHMmain.cpp_nocom>
</void__fastcallTMain::OnHint(TObject*Sender) @@@ CRHMmain.cpp_nocom>
<void__fastcallTMain::OnHint(TObject*Sender) @@@ CRHMmain.cpp_nocom>
</void__fastcallTMain::OnHint(TObject*Sender) @@@ CRHMmain.cpp_nocom>
<void__fastcallTMain::PrjExitClick(TObject*Sender) @@@ CRHMmain.cpp_nocom>
<void__fastcallTMain::FormClose(TObject*Sender,TCloseAction&Action) @@@ CRHMmain.cpp_nocom>
<void__fastcallTMain::PrjCloseClick(TObject*Sender) @@@ CRHMmain.cpp_nocom>
<void__fastcallTMain::UpDateHelpMenu(void) @@@ CRHMmain.cpp_nocom>
</void__fastcallTMain::UpDateHelpMenu(void) @@@ CRHMmain.cpp_nocom>
<void__fastcallTMain::ObsCloseClick(TObject*Sender) @@@ CRHMmain.cpp_nocom>
</void__fastcallTMain::ObsCloseClick(TObject*Sender) @@@ CRHMmain.cpp_nocom>
<void__fastcallTMain::FreeChart1(TObject*Sender) @@@ CRHMmain.cpp_nocom>
<void__fastcallTMain::ClearListBox4(TObject*Sender) @@@ CRHMmain.cpp_nocom>
</void__fastcallTMain::ClearListBox4(TObject*Sender) @@@ CRHMmain.cpp_nocom>
</void__fastcallTMain::FreeChart1(TObject*Sender) @@@ CRHMmain.cpp_nocom>
<void__fastcallTMain::StateFileCloseAll(TObject*Sender) @@@ CRHMmain.cpp_nocom>
</void__fastcallTMain::StateFileCloseAll(TObject*Sender) @@@ CRHMmain.cpp_nocom>
<void__fastcallTMain::ClearModules(TObject*Sender,boolAll) @@@ CRHMmain.cpp_nocom>
<voidModVarRemove(MapVar&MapVars) @@@ ClassCRHM.cpp_nocom>
</voidModVarRemove(MapVar&MapVars) @@@ ClassCRHM.cpp_nocom>
<voidAdminister::MacroClear() @@@ ClassModule.cpp_nocom>
</voidAdminister::MacroClear() @@@ ClassModule.cpp_nocom>
</void__fastcallTMain::ClearModules(TObject*Sender,boolAll) @@@ CRHMmain.cpp_nocom>
<voidAdminister::MacroClear() @@@ ClassModule.cpp_nocom>
</voidAdminister::MacroClear() @@@ ClassModule.cpp_nocom>
<void__fastcallTMain::UpDateModelMenu(void) @@@ CRHMmain.cpp_nocom>
<void__fastcallTMain::UpDateHelpMenu(void) @@@ CRHMmain.cpp_nocom>
</void__fastcallTMain::UpDateHelpMenu(void) @@@ CRHMmain.cpp_nocom>
</void__fastcallTMain::UpDateModelMenu(void) @@@ CRHMmain.cpp_nocom>
<void__fastcallTMain::DLL1CloseALLClick(TObject*Sender) @@@ CRHMmain.cpp_nocom>
</void__fastcallTMain::DLL1CloseALLClick(TObject*Sender) @@@ CRHMmain.cpp_nocom>
</void__fastcallTMain::PrjCloseClick(TObject*Sender) @@@ CRHMmain.cpp_nocom>
</void__fastcallTMain::FormClose(TObject*Sender,TCloseAction&Action) @@@ CRHMmain.cpp_nocom>
</void__fastcallTMain::PrjExitClick(TObject*Sender) @@@ CRHMmain.cpp_nocom>
<void__fastcallTMain::WMGetMinMaxInfo(TWMGetMinMaxInfo&Msg) @@@ CRHMmain.cpp_nocom>
</void__fastcallTMain::WMGetMinMaxInfo(TWMGetMinMaxInfo&Msg) @@@ CRHMmain.cpp_nocom>
<void__fastcallTFlowForm::FormDestroy(TObject*Sender) @@@ Flow.cpp_nocom>
</void__fastcallTFlowForm::FormDestroy(TObject*Sender) @@@ Flow.cpp_nocom>
<void__fastcallTFlowForm::FormResize(TObject*Sender) @@@ Flow.cpp_nocom>
</void__fastcallTFlowForm::FormResize(TObject*Sender) @@@ Flow.cpp_nocom>
<void__fastcallTFileOutput::FormDestroy(TObject*Sender) @@@ Export.cpp_nocom>
</void__fastcallTFileOutput::FormDestroy(TObject*Sender) @@@ Export.cpp_nocom>
<void__fastcallTAnalysis::FormDestroy(TObject*Sender) @@@ Analy.cpp_nocom>
</void__fastcallTAnalysis::FormDestroy(TObject*Sender) @@@ Analy.cpp_nocom>
<void__fastcallTMain::FormDestroy(TObject*Sender) @@@ CRHMmain.cpp_nocom>
<voidModVarRemove(MapVar&MapVars) @@@ ClassCRHM.cpp_nocom>
</voidModVarRemove(MapVar&MapVars) @@@ ClassCRHM.cpp_nocom>
<void__fastcallTMain::ClearListBox4(TObject*Sender) @@@ CRHMmain.cpp_nocom>
</void__fastcallTMain::ClearListBox4(TObject*Sender) @@@ CRHMmain.cpp_nocom>
</void__fastcallTMain::FormDestroy(TObject*Sender) @@@ CRHMmain.cpp_nocom>
<Administer::~Administer() @@@ ClassModule.cpp_nocom>
</Administer::~Administer() @@@ ClassModule.cpp_nocom>
<Administer::~Administer() @@@ ClassModule.cpp_nocom>
</Administer::~Administer() @@@ ClassModule.cpp_nocom>
