CURRENT TIME: 08/12/2010 14:20

CRHM Version: CRHM 3.50c

PROJECT FILE NAME:

C:\Program Files\CRHM\Examples\Bad74_Frozen.prj  dated 29/09/2010 09:52

DIMENSIONS:
 
nhru 3
nlay 1
nobs 3
 
AKAs:
 
OBSR calcsun Qsi Qsi# Slope_Qsi
 
OBSERVATIONS:
 
C:\Program Files\CRHM\Examples\Winter1974.obs         ( 01/10/1973 01:00 - 01/06/1974 00:00, Interval = 01:00 )
C:\Program Files\CRHM\Examples\JUNK.obs         ( 01/10/1973 01:00 - 30/11/1973 00:00, Interval = 01:00 )
 
DATES:
 
1973 10 1
1974 6 1
 
MODULES:
 
basin CRHM10/24/08
global CRHM10/21/09
obs CRHM06/17/10
Slope_Qsi CRHM06/17/10
calcsun CRHM07/20/09
intcp CRHM11/15/06
pbsm CRHM09/29/10
albedo CRHM12/01/09
netall CRHM07/20/09
ebsm CRHM10/02/08
evap CRHM11/04/09
frozen CRHM06/06/07
smbal CRHM02/22/08
route CRHM12/17/07
 
PARAMETERS:
 
Shared - basin_area <1E-6 to 1E9>
11.39 
 
Shared - hru_area <1E-6 to 1E9>
4.67 5.04 1.68 
 
Shared - hru_ASL <0 to 360>
0 0 0 
 
Shared - hru_elev <0 to 1E5>
637 637 637 
 
Shared - hru_GSL <0 to 90>
30 0 0 
 
Shared - hru_lat <-90 to 90>
51.32 51.32 51.32 
 
Shared - Ht <0.001 to 100>
0.2 0.4 1 
 
Shared - inhibit_evap <0 to 1>
0 0 0 
 
Shared - soil_moist_max <0 to 5000>
375 375 375 
 
albedo - Albedo_bare <0 to 1>
0.17 0.17 0.17 
 
albedo - Albedo_snow <0 to 1>
0.85 0.85 0.85 
 
basin - basin_name
'CRHM_Basin_Model' 
 
basin - hru_names
'HRU1' 'HRU2' 'HRU3' 
 
basin - INIT_STATE
'' 
 
basin - RUN_END <0 to 1E5>
0 
 
basin - RUN_ID <-1E8 to 1E8>
1 
 
basin - RUN_START <0 to 1E5>
0 
 
ebsm - delay_melt <0 to 200>
0 120 115 
 
ebsm - nfactor <0 to 10>
0 0 0 
 
ebsm - tfactor <0 to 10>
0 0 0 
 
ebsm - Use_QnD <0 to 1>
0 0 0 
 
evap - evap_type <0 to 1>
0 0 0 
 
evap - F_Qg <0 to 1>
0.2 0.2 0.2 
 
frozen - C <0 to 3>
1.14 1.14 1.14 
 
frozen - hru_tsoil <223 to 273.1>
269.1 269.1 269.1 
 
frozen - S0 <0 to 1>
0.95 0.95 0.95 
 
frozen - Si <0 to 1>
0.3 0.3 0.3 
 
frozen - t0 <0 to 1000>
116 69 209 
 
frozen - t_ice_lens <-50 to 0>
-20 -20 -20 
 
global - Time_Offset <-12 to 12>
0 0 0 
 
obs - catchadjust <0 to 2>
1 1 1 
 
obs - HRU_OBS <1 to 100>
1 1 1 
 
obs - lapse_rate <0 to 2>
0.75 0.75 0.75 
 
obs - obs_elev <0 to 1E5>
637 637 637 
 
obs - ppt_daily_distrib <0 to 1>
1 1 1 
 
obs - tmax_allrain <-10 to 10>
0 0 0 
 
obs - tmax_allsnow <-10 to 10>
0 0 0 
 
pbsm - A_S <0 to 2>
0.003 0.003 0.003 
 
pbsm - distrib <-10 to 10>
0 1 1 
 
pbsm - fetch <300 to 1E4>
1000 1000 1000 
 
pbsm - inhibit_bs <0 to 1>
0 0 0 
 
pbsm - inhibit_subl <0 to 1>
0 0 0 
 
pbsm - N_S <1 to 500>
320 320 320 
 
route - Kstorage <0 to 200>
0 0 0.5 
 
route - Lag <0 to 1E4>
0 0 0 
 
route - order <1 to 1000>
1 2 3 
 
route - whereto <0 to 1000>
0 3 0 
 
smbal - cov_type <0 to 2>
2 2 2 
 
smbal - soil2gw_max <0 to 312>
0 0 0 
 
smbal - soil_moist_init <0 to 2500>
225 225 225 
 
smbal - soil_rechr_init <0 to 625>
45 45 45 
 
smbal - soil_rechr_max <0 to 250>
60 60 60 
 
smbal - soil_withdrawal <1 to 4>
3 3 3 
 
smbal - transp_limited <0 to 1>
0 0 0 
 
 
INITIAL STATE:
 
C:\Program Files\CRHM\Examples\junk.int
 
FINAL STATE:
 
 
