Project file: C:\CRHM_Blocks\prj\CRHM_CodeBlocks\pbsm.prj
 
Observation file: Winter1974.obs
 
Time of model run: 6/1/2015 14:01. Program  Version: CRHM 05/08/15
 
Module List "basin, obs, intcp, pbsm."
 
 
timestep 1 hr.
yy mm dd hh mm - 73 10 01 01 00  - "start of run".
 
 
End of model run: 6/1/2015 14:01. Program  Version: CRHM 05/08/15
 
HRU 1: 'obs (obs)'  cumhru_rain      (mm) (mm*hru) (mm*hru/basin): 94.27 94.27 31.422
HRU 1: 'obs (obs)'  cumhru_snow (mm) (mm*hru) (mm*hru/basin): 202.14 202.14 67.379
HRU 1: 'obs (obs)'  cumhru_snow_meas (mm) (mm*hru) (mm*hru/basin): 142.63 142.63 47.544
 
 
HRU 2: 'obs (obs)'  cumhru_rain      (mm) (mm*hru) (mm*hru/basin): 94.27 94.27 31.422
HRU 2: 'obs (obs)'  cumhru_snow (mm) (mm*hru) (mm*hru/basin): 202.14 202.14 67.379
HRU 2: 'obs (obs)'  cumhru_snow_meas (mm) (mm*hru) (mm*hru/basin): 142.63 142.63 47.544
 
 
HRU 3: 'obs (obs)'  cumhru_rain      (mm) (mm*hru) (mm*hru/basin): 94.27 94.27 31.422
HRU 3: 'obs (obs)'  cumhru_snow (mm) (mm*hru) (mm*hru/basin): 202.14 202.14 67.379
HRU 3: 'obs (obs)'  cumhru_snow_meas (mm) (mm*hru) (mm*hru/basin): 142.63 142.63 47.544
 
 
'obs (obs)' Allcumhru_rain (mm*basin): 282.8000
'obs (obs)' Allcumhru_snow (mm*basin): 606.4099 *** adjusted snowfall
 
HRU 1: 'intcp (intcp)'  cumnetrain  (mm) (mm*hru) (mm*hru/basin): 94.27 94.27 31.422
HRU 1: 'intcp (intcp)'  cumnetsnow  (mm) (mm*hru) (mm*hru/basin): 202.14 202.14 67.379
 
HRU 2: 'intcp (intcp)'  cumnetrain  (mm) (mm*hru) (mm*hru/basin): 94.27 94.27 31.422
HRU 2: 'intcp (intcp)'  cumnetsnow  (mm) (mm*hru) (mm*hru/basin): 202.14 202.14 67.379
 
HRU 3: 'intcp (intcp)'  cumnetrain  (mm) (mm*hru) (mm*hru/basin): 94.27 94.27 31.422
HRU 3: 'intcp (intcp)'  cumnetsnow  (mm) (mm*hru) (mm*hru/basin): 202.14 202.14 67.379
 
 
HRU 1: 'pbsm (pbsm)' cumSno     (mm) (mm*hru) (mm*hru/basin): 202.14 202.14 67.379
HRU 1: 'pbsm (pbsm)' cumDrift   (mm) (mm*hru) (mm*hru/basin): 51.09 51.09 17.031
HRU 1: 'pbsm (pbsm)' cumDriftIn (mm) (mm*hru) (mm*hru/basin): 0.00 0.00 0.000
HRU 1: 'pbsm (pbsm)' cumSubl    (mm) (mm*hru) (mm*hru/basin): 127.63 127.63 42.544
HRU 1: 'pbsm (pbsm)' cumCover   (mm) (mm*hru) (mm*hru/basin): 23.41 23.41 7.804 *** SWE just before melt
HRU 1: 'pbsm (pbsm)' SWE        (mm) (mm*hru) (mm*hru/basin): 23.41 23.41 7.804
HRU 1: 'pbsm (pbsm)' SWE_change (mm) (mm*hru) (mm*hru/basin): 23.41 23.41 7.804
 
HRU 2: 'pbsm (pbsm)' cumSno     (mm) (mm*hru) (mm*hru/basin): 202.14 202.14 67.379
HRU 2: 'pbsm (pbsm)' cumDrift   (mm) (mm*hru) (mm*hru/basin): 41.80 41.80 13.935
HRU 2: 'pbsm (pbsm)' cumDriftIn (mm) (mm*hru) (mm*hru/basin): 8.34 8.34 2.781
HRU 2: 'pbsm (pbsm)' cumSubl    (mm) (mm*hru) (mm*hru/basin): 109.27 109.27 36.423
HRU 2: 'pbsm (pbsm)' cumCover   (mm) (mm*hru) (mm*hru/basin): 59.41 59.41 19.803 *** SWE just before melt
HRU 2: 'pbsm (pbsm)' SWE        (mm) (mm*hru) (mm*hru/basin): 59.41 59.41 19.803
HRU 2: 'pbsm (pbsm)' SWE_change (mm) (mm*hru) (mm*hru/basin): 59.41 59.41 19.803
 
HRU 3: 'pbsm (pbsm)' cumSno     (mm) (mm*hru) (mm*hru/basin): 202.14 202.14 67.379
HRU 3: 'pbsm (pbsm)' cumDrift   (mm) (mm*hru) (mm*hru/basin): 0.00 0.00 0.000
HRU 3: 'pbsm (pbsm)' cumDriftIn (mm) (mm*hru) (mm*hru/basin): 84.55 84.55 28.184
HRU 3: 'pbsm (pbsm)' cumSubl    (mm) (mm*hru) (mm*hru/basin): 0.00 0.00 0.000
HRU 3: 'pbsm (pbsm)' cumCover   (mm) (mm*hru) (mm*hru/basin): 286.69 286.69 95.563 *** SWE just before melt
HRU 3: 'pbsm (pbsm)' SWE        (mm) (mm*hru) (mm*hru/basin): 286.69 286.69 95.563
HRU 3: 'pbsm (pbsm)' SWE_change (mm) (mm*hru) (mm*hru/basin): 286.69 286.69 95.563
 
'pbsm (pbsm)' AllcumSubl  (mm*basin): 236.9001 *** cumulative sum of all HRUs cumSubl
'pbsm (pbsm)' AllcumCover (mm*basin): 369.5097 *** SWE just before melt cumulative sum of all HRUs cumCover
 
'pbsm' cumBasinSnowLoss (mm): 0.0000
'pbsm' cumBasinSnowGain (mm): 0.0000
 
