<void__fastcallTMain::OnHint(TObject*Sender) @@@ CRHMmain.cpp_nocom>
</void__fastcallTMain::OnHint(TObject*Sender) @@@ CRHMmain.cpp_nocom>
<void__fastcallTMain::OnHint(TObject*Sender) @@@ CRHMmain.cpp_nocom>
</void__fastcallTMain::OnHint(TObject*Sender) @@@ CRHMmain.cpp_nocom>
<void__fastcallTMain::OnHint(TObject*Sender) @@@ CRHMmain.cpp_nocom>
</void__fastcallTMain::OnHint(TObject*Sender) @@@ CRHMmain.cpp_nocom>
<void__fastcallTMain::OnHint(TObject*Sender) @@@ CRHMmain.cpp_nocom>
</void__fastcallTMain::OnHint(TObject*Sender) @@@ CRHMmain.cpp_nocom>
<void__fastcallTMain::Analysis1Click(TObject*Sender) @@@ CRHMmain.cpp_nocom>
<void__fastcallTAnalysis::FormActivate(TObject*Sender) @@@ Analy.cpp_nocom>
<void__fastcallTAnalysis::RadioGroup1Click(TObject*Sender) @@@ Analy.cpp_nocom>
<void__fastcallTAnalysis::CleanUp(TObject*Sender) @@@ Analy.cpp_nocom>
</void__fastcallTAnalysis::CleanUp(TObject*Sender) @@@ Analy.cpp_nocom>
</void__fastcallTAnalysis::RadioGroup1Click(TObject*Sender) @@@ Analy.cpp_nocom>
</void__fastcallTAnalysis::FormActivate(TObject*Sender) @@@ Analy.cpp_nocom>
<void__fastcallTAnalysis::RadioGroup1Click(TObject*Sender) @@@ Analy.cpp_nocom>
<void__fastcallTAnalysis::CleanUp(TObject*Sender) @@@ Analy.cpp_nocom>
</void__fastcallTAnalysis::CleanUp(TObject*Sender) @@@ Analy.cpp_nocom>
</void__fastcallTAnalysis::RadioGroup1Click(TObject*Sender) @@@ Analy.cpp_nocom>
<void__fastcallTAnalysis::RadioGroup1Click(TObject*Sender) @@@ Analy.cpp_nocom>
<void__fastcallTAnalysis::CleanUp(TObject*Sender) @@@ Analy.cpp_nocom>
</void__fastcallTAnalysis::CleanUp(TObject*Sender) @@@ Analy.cpp_nocom>
</void__fastcallTAnalysis::RadioGroup1Click(TObject*Sender) @@@ Analy.cpp_nocom>
<void__fastcallTAnalysis::RadioGroup1Click(TObject*Sender) @@@ Analy.cpp_nocom>
<void__fastcallTAnalysis::CleanUp(TObject*Sender) @@@ Analy.cpp_nocom>
</void__fastcallTAnalysis::CleanUp(TObject*Sender) @@@ Analy.cpp_nocom>
</void__fastcallTAnalysis::RadioGroup1Click(TObject*Sender) @@@ Analy.cpp_nocom>
<void__fastcallTAnalysis::RadioGroup1Click(TObject*Sender) @@@ Analy.cpp_nocom>
<void__fastcallTAnalysis::CleanUp(TObject*Sender) @@@ Analy.cpp_nocom>
</void__fastcallTAnalysis::CleanUp(TObject*Sender) @@@ Analy.cpp_nocom>
</void__fastcallTAnalysis::RadioGroup1Click(TObject*Sender) @@@ Analy.cpp_nocom>
<void__fastcallTAnalysis::RadioGroup1Click(TObject*Sender) @@@ Analy.cpp_nocom>
<void__fastcallTAnalysis::CleanUp(TObject*Sender) @@@ Analy.cpp_nocom>
</void__fastcallTAnalysis::CleanUp(TObject*Sender) @@@ Analy.cpp_nocom>
</void__fastcallTAnalysis::RadioGroup1Click(TObject*Sender) @@@ Analy.cpp_nocom>
<void__fastcallTAnalysis::RadioGroup1Click(TObject*Sender) @@@ Analy.cpp_nocom>
<void__fastcallTAnalysis::CleanUp(TObject*Sender) @@@ Analy.cpp_nocom>
</void__fastcallTAnalysis::CleanUp(TObject*Sender) @@@ Analy.cpp_nocom>
</void__fastcallTAnalysis::RadioGroup1Click(TObject*Sender) @@@ Analy.cpp_nocom>
<void__fastcallTMain::OnHint(TObject*Sender) @@@ CRHMmain.cpp_nocom>
</void__fastcallTMain::OnHint(TObject*Sender) @@@ CRHMmain.cpp_nocom>
<void__fastcallTMain::OnHint(TObject*Sender) @@@ CRHMmain.cpp_nocom>
</void__fastcallTMain::OnHint(TObject*Sender) @@@ CRHMmain.cpp_nocom>
<void__fastcallTMain::OnHint(TObject*Sender) @@@ CRHMmain.cpp_nocom>
</void__fastcallTMain::OnHint(TObject*Sender) @@@ CRHMmain.cpp_nocom>
<void__fastcallTMain::OnHint(TObject*Sender) @@@ CRHMmain.cpp_nocom>
</void__fastcallTMain::OnHint(TObject*Sender) @@@ CRHMmain.cpp_nocom>
<void__fastcallTMain::OnHint(TObject*Sender) @@@ CRHMmain.cpp_nocom>
</void__fastcallTMain::OnHint(TObject*Sender) @@@ CRHMmain.cpp_nocom>
<void__fastcallTMain::OnHint(TObject*Sender) @@@ CRHMmain.cpp_nocom>
</void__fastcallTMain::OnHint(TObject*Sender) @@@ CRHMmain.cpp_nocom>
<void__fastcallTAnalysis::FormClose(TObject*Sender,TCloseAction&Action) @@@ Analy.cpp_nocom>
</void__fastcallTAnalysis::FormClose(TObject*Sender,TCloseAction&Action) @@@ Analy.cpp_nocom>
</void__fastcallTMain::Analysis1Click(TObject*Sender) @@@ CRHMmain.cpp_nocom>
<void__fastcallTMain::OnHint(TObject*Sender) @@@ CRHMmain.cpp_nocom>
</void__fastcallTMain::OnHint(TObject*Sender) @@@ CRHMmain.cpp_nocom>
<void__fastcallTMain::OnHint(TObject*Sender) @@@ CRHMmain.cpp_nocom>
</void__fastcallTMain::OnHint(TObject*Sender) @@@ CRHMmain.cpp_nocom>
<void__fastcallTMain::OnHint(TObject*Sender) @@@ CRHMmain.cpp_nocom>
</void__fastcallTMain::OnHint(TObject*Sender) @@@ CRHMmain.cpp_nocom>
<void__fastcallTMain::OnHint(TObject*Sender) @@@ CRHMmain.cpp_nocom>
</void__fastcallTMain::OnHint(TObject*Sender) @@@ CRHMmain.cpp_nocom>
<void__fastcallTMain::OnHint(TObject*Sender) @@@ CRHMmain.cpp_nocom>
</void__fastcallTMain::OnHint(TObject*Sender) @@@ CRHMmain.cpp_nocom>
<void__fastcallTMain::OnHint(TObject*Sender) @@@ CRHMmain.cpp_nocom>
</void__fastcallTMain::OnHint(TObject*Sender) @@@ CRHMmain.cpp_nocom>
<void__fastcallTMain::Analysis1Click(TObject*Sender) @@@ CRHMmain.cpp_nocom>
<void__fastcallTAnalysis::FormActivate(TObject*Sender) @@@ Analy.cpp_nocom>
<void__fastcallTAnalysis::RadioGroup1Click(TObject*Sender) @@@ Analy.cpp_nocom>
<void__fastcallTAnalysis::CleanUp(TObject*Sender) @@@ Analy.cpp_nocom>
</void__fastcallTAnalysis::CleanUp(TObject*Sender) @@@ Analy.cpp_nocom>
</void__fastcallTAnalysis::RadioGroup1Click(TObject*Sender) @@@ Analy.cpp_nocom>
<void__fastcallTAnalysis::RadioGroup1Click(TObject*Sender) @@@ Analy.cpp_nocom>
<void__fastcallTAnalysis::CleanUp(TObject*Sender) @@@ Analy.cpp_nocom>
</void__fastcallTAnalysis::CleanUp(TObject*Sender) @@@ Analy.cpp_nocom>
</void__fastcallTAnalysis::RadioGroup1Click(TObject*Sender) @@@ Analy.cpp_nocom>
</void__fastcallTAnalysis::FormActivate(TObject*Sender) @@@ Analy.cpp_nocom>
<void__fastcallTMain::OnHint(TObject*Sender) @@@ CRHMmain.cpp_nocom>
</void__fastcallTMain::OnHint(TObject*Sender) @@@ CRHMmain.cpp_nocom>
<void__fastcallTMain::OnHint(TObject*Sender) @@@ CRHMmain.cpp_nocom>
</void__fastcallTMain::OnHint(TObject*Sender) @@@ CRHMmain.cpp_nocom>
<void__fastcallTAnalysis::UpDown1Click(TObject*Sender,TUDBtnTypeButton) @@@ Analy.cpp_nocom>
</void__fastcallTAnalysis::UpDown1Click(TObject*Sender,TUDBtnTypeButton) @@@ Analy.cpp_nocom>
<void__fastcallTAnalysis::UpDown1Click(TObject*Sender,TUDBtnTypeButton) @@@ Analy.cpp_nocom>
</void__fastcallTAnalysis::UpDown1Click(TObject*Sender,TUDBtnTypeButton) @@@ Analy.cpp_nocom>
<void__fastcallTAnalysis::UpDown1Click(TObject*Sender,TUDBtnTypeButton) @@@ Analy.cpp_nocom>
</void__fastcallTAnalysis::UpDown1Click(TObject*Sender,TUDBtnTypeButton) @@@ Analy.cpp_nocom>
<void__fastcallTAnalysis::UpDown1Click(TObject*Sender,TUDBtnTypeButton) @@@ Analy.cpp_nocom>
</void__fastcallTAnalysis::UpDown1Click(TObject*Sender,TUDBtnTypeButton) @@@ Analy.cpp_nocom>
<void__fastcallTAnalysis::Button1Click(TObject*Sender) @@@ Analy.cpp_nocom>
</void__fastcallTAnalysis::Button1Click(TObject*Sender) @@@ Analy.cpp_nocom>
<void__fastcallTAnalysis::Button2Click(TObject*Sender) @@@ Analy.cpp_nocom>
</void__fastcallTAnalysis::Button2Click(TObject*Sender) @@@ Analy.cpp_nocom>
<void__fastcallTAnalysis::Button2Click(TObject*Sender) @@@ Analy.cpp_nocom>
</void__fastcallTAnalysis::Button2Click(TObject*Sender) @@@ Analy.cpp_nocom>
<void__fastcallTAnalysis::Button2Click(TObject*Sender) @@@ Analy.cpp_nocom>
</void__fastcallTAnalysis::Button2Click(TObject*Sender) @@@ Analy.cpp_nocom>
<void__fastcallTAnalysis::Button2Click(TObject*Sender) @@@ Analy.cpp_nocom>
</void__fastcallTAnalysis::Button2Click(TObject*Sender) @@@ Analy.cpp_nocom>
<void__fastcallTAnalysis::FormClose(TObject*Sender,TCloseAction&Action) @@@ Analy.cpp_nocom>
</void__fastcallTAnalysis::FormClose(TObject*Sender,TCloseAction&Action) @@@ Analy.cpp_nocom>
</void__fastcallTMain::Analysis1Click(TObject*Sender) @@@ CRHMmain.cpp_nocom>
<void__fastcallTMain::OnHint(TObject*Sender) @@@ CRHMmain.cpp_nocom>
</void__fastcallTMain::OnHint(TObject*Sender) @@@ CRHMmain.cpp_nocom>
<void__fastcallTMain::OnHint(TObject*Sender) @@@ CRHMmain.cpp_nocom>
</void__fastcallTMain::OnHint(TObject*Sender) @@@ CRHMmain.cpp_nocom>
