<void__fastcallTMain::OnHint(TObject*Sender) @@@ CRHMmain.cpp_nocom>
</void__fastcallTMain::OnHint(TObject*Sender) @@@ CRHMmain.cpp_nocom>
<void__fastcallTMain::OnHint(TObject*Sender) @@@ CRHMmain.cpp_nocom>
</void__fastcallTMain::OnHint(TObject*Sender) @@@ CRHMmain.cpp_nocom>
<void__fastcallTMain::OnHint(TObject*Sender) @@@ CRHMmain.cpp_nocom>
</void__fastcallTMain::OnHint(TObject*Sender) @@@ CRHMmain.cpp_nocom>
<void__fastcallTMain::OnHint(TObject*Sender) @@@ CRHMmain.cpp_nocom>
</void__fastcallTMain::OnHint(TObject*Sender) @@@ CRHMmain.cpp_nocom>
<void__fastcallTMain::OnHint(TObject*Sender) @@@ CRHMmain.cpp_nocom>
</void__fastcallTMain::OnHint(TObject*Sender) @@@ CRHMmain.cpp_nocom>
<void__fastcallTMain::OnHint(TObject*Sender) @@@ CRHMmain.cpp_nocom>
</void__fastcallTMain::OnHint(TObject*Sender) @@@ CRHMmain.cpp_nocom>
<void__fastcallTMain::OnHint(TObject*Sender) @@@ CRHMmain.cpp_nocom>
</void__fastcallTMain::OnHint(TObject*Sender) @@@ CRHMmain.cpp_nocom>
<void__fastcallTMain::OnHint(TObject*Sender) @@@ CRHMmain.cpp_nocom>
</void__fastcallTMain::OnHint(TObject*Sender) @@@ CRHMmain.cpp_nocom>
<void__fastcallTMain::OnHint(TObject*Sender) @@@ CRHMmain.cpp_nocom>
</void__fastcallTMain::OnHint(TObject*Sender) @@@ CRHMmain.cpp_nocom>
<void__fastcallTMain::Last1Click(TObject*Sender) @@@ CRHMmain.cpp_nocom>
</void__fastcallTMain::Last1Click(TObject*Sender) @@@ CRHMmain.cpp_nocom>
<void__fastcallTMain::OnHint(TObject*Sender) @@@ CRHMmain.cpp_nocom>
</void__fastcallTMain::OnHint(TObject*Sender) @@@ CRHMmain.cpp_nocom>
<void__fastcallTMain::OnHint(TObject*Sender) @@@ CRHMmain.cpp_nocom>
</void__fastcallTMain::OnHint(TObject*Sender) @@@ CRHMmain.cpp_nocom>
<void__fastcallTMain::OnHint(TObject*Sender) @@@ CRHMmain.cpp_nocom>
</void__fastcallTMain::OnHint(TObject*Sender) @@@ CRHMmain.cpp_nocom>
<void__fastcallTMain::OnHint(TObject*Sender) @@@ CRHMmain.cpp_nocom>
</void__fastcallTMain::OnHint(TObject*Sender) @@@ CRHMmain.cpp_nocom>
<void__fastcallTMain::OnHint(TObject*Sender) @@@ CRHMmain.cpp_nocom>
</void__fastcallTMain::OnHint(TObject*Sender) @@@ CRHMmain.cpp_nocom>
<void__fastcallTMain::OnHint(TObject*Sender) @@@ CRHMmain.cpp_nocom>
</void__fastcallTMain::OnHint(TObject*Sender) @@@ CRHMmain.cpp_nocom>
<void__fastcallTMain::OnHint(TObject*Sender) @@@ CRHMmain.cpp_nocom>
</void__fastcallTMain::OnHint(TObject*Sender) @@@ CRHMmain.cpp_nocom>
<void__fastcallTMain::All1Click(TObject*Sender) @@@ CRHMmain.cpp_nocom>
</void__fastcallTMain::All1Click(TObject*Sender) @@@ CRHMmain.cpp_nocom>
<void__fastcallTMain::OnHint(TObject*Sender) @@@ CRHMmain.cpp_nocom>
</void__fastcallTMain::OnHint(TObject*Sender) @@@ CRHMmain.cpp_nocom>
<void__fastcallTMain::OnHint(TObject*Sender) @@@ CRHMmain.cpp_nocom>
</void__fastcallTMain::OnHint(TObject*Sender) @@@ CRHMmain.cpp_nocom>
<void__fastcallTMain::OnHint(TObject*Sender) @@@ CRHMmain.cpp_nocom>
</void__fastcallTMain::OnHint(TObject*Sender) @@@ CRHMmain.cpp_nocom>
<void__fastcallTMain::OnHint(TObject*Sender) @@@ CRHMmain.cpp_nocom>
</void__fastcallTMain::OnHint(TObject*Sender) @@@ CRHMmain.cpp_nocom>
<void__fastcallTMain::OnHint(TObject*Sender) @@@ CRHMmain.cpp_nocom>
</void__fastcallTMain::OnHint(TObject*Sender) @@@ CRHMmain.cpp_nocom>
<void__fastcallTMain::OnHint(TObject*Sender) @@@ CRHMmain.cpp_nocom>
</void__fastcallTMain::OnHint(TObject*Sender) @@@ CRHMmain.cpp_nocom>
<void__fastcallTMain::OnHint(TObject*Sender) @@@ CRHMmain.cpp_nocom>
</void__fastcallTMain::OnHint(TObject*Sender) @@@ CRHMmain.cpp_nocom>
<void__fastcallTMain::DebugScreen1Click(TObject*Sender) @@@ CRHMmain.cpp_nocom>
</void__fastcallTMain::DebugScreen1Click(TObject*Sender) @@@ CRHMmain.cpp_nocom>
<void__fastcallTMain::OnHint(TObject*Sender) @@@ CRHMmain.cpp_nocom>
</void__fastcallTMain::OnHint(TObject*Sender) @@@ CRHMmain.cpp_nocom>
<void__fastcallTMain::OnHint(TObject*Sender) @@@ CRHMmain.cpp_nocom>
</void__fastcallTMain::OnHint(TObject*Sender) @@@ CRHMmain.cpp_nocom>
<void__fastcallTMain::OnHint(TObject*Sender) @@@ CRHMmain.cpp_nocom>
</void__fastcallTMain::OnHint(TObject*Sender) @@@ CRHMmain.cpp_nocom>
<void__fastcallTMain::OnHint(TObject*Sender) @@@ CRHMmain.cpp_nocom>
</void__fastcallTMain::OnHint(TObject*Sender) @@@ CRHMmain.cpp_nocom>
<void__fastcallTMain::OnHint(TObject*Sender) @@@ CRHMmain.cpp_nocom>
</void__fastcallTMain::OnHint(TObject*Sender) @@@ CRHMmain.cpp_nocom>
<void__fastcallTMain::OnHint(TObject*Sender) @@@ CRHMmain.cpp_nocom>
</void__fastcallTMain::OnHint(TObject*Sender) @@@ CRHMmain.cpp_nocom>
<void__fastcallTMain::OnHint(TObject*Sender) @@@ CRHMmain.cpp_nocom>
</void__fastcallTMain::OnHint(TObject*Sender) @@@ CRHMmain.cpp_nocom>
<void__fastcallTMain::SummaryScreen1Click(TObject*Sender) @@@ CRHMmain.cpp_nocom>
</void__fastcallTMain::SummaryScreen1Click(TObject*Sender) @@@ CRHMmain.cpp_nocom>
<void__fastcallTMain::OnHint(TObject*Sender) @@@ CRHMmain.cpp_nocom>
</void__fastcallTMain::OnHint(TObject*Sender) @@@ CRHMmain.cpp_nocom>
<void__fastcallTMain::OnHint(TObject*Sender) @@@ CRHMmain.cpp_nocom>
</void__fastcallTMain::OnHint(TObject*Sender) @@@ CRHMmain.cpp_nocom>
<void__fastcallTMain::OnHint(TObject*Sender) @@@ CRHMmain.cpp_nocom>
</void__fastcallTMain::OnHint(TObject*Sender) @@@ CRHMmain.cpp_nocom>
<void__fastcallTMain::OnHint(TObject*Sender) @@@ CRHMmain.cpp_nocom>
</void__fastcallTMain::OnHint(TObject*Sender) @@@ CRHMmain.cpp_nocom>
<void__fastcallTMain::OnHint(TObject*Sender) @@@ CRHMmain.cpp_nocom>
</void__fastcallTMain::OnHint(TObject*Sender) @@@ CRHMmain.cpp_nocom>
<void__fastcallTMain::OnHint(TObject*Sender) @@@ CRHMmain.cpp_nocom>
</void__fastcallTMain::OnHint(TObject*Sender) @@@ CRHMmain.cpp_nocom>
<void__fastcallTMain::OnHint(TObject*Sender) @@@ CRHMmain.cpp_nocom>
</void__fastcallTMain::OnHint(TObject*Sender) @@@ CRHMmain.cpp_nocom>
<void__fastcallTMain::OnHint(TObject*Sender) @@@ CRHMmain.cpp_nocom>
</void__fastcallTMain::OnHint(TObject*Sender) @@@ CRHMmain.cpp_nocom>
<void__fastcallTMain::OnHint(TObject*Sender) @@@ CRHMmain.cpp_nocom>
</void__fastcallTMain::OnHint(TObject*Sender) @@@ CRHMmain.cpp_nocom>
<void__fastcallTMain::OnHint(TObject*Sender) @@@ CRHMmain.cpp_nocom>
</void__fastcallTMain::OnHint(TObject*Sender) @@@ CRHMmain.cpp_nocom>
<void__fastcallTMain::OnHint(TObject*Sender) @@@ CRHMmain.cpp_nocom>
</void__fastcallTMain::OnHint(TObject*Sender) @@@ CRHMmain.cpp_nocom>
