<void__fastcallTMain::OnHint(TObject*Sender) @@@ CRHMmain.cpp_nocom>
</void__fastcallTMain::OnHint(TObject*Sender) @@@ CRHMmain.cpp_nocom>
<void__fastcallTMain::OnHint(TObject*Sender) @@@ CRHMmain.cpp_nocom>
</void__fastcallTMain::OnHint(TObject*Sender) @@@ CRHMmain.cpp_nocom>
<void__fastcallTMain::OnHint(TObject*Sender) @@@ CRHMmain.cpp_nocom>
</void__fastcallTMain::OnHint(TObject*Sender) @@@ CRHMmain.cpp_nocom>
<void__fastcallTMain::OnHint(TObject*Sender) @@@ CRHMmain.cpp_nocom>
</void__fastcallTMain::OnHint(TObject*Sender) @@@ CRHMmain.cpp_nocom>
<void__fastcallTMain::OnHint(TObject*Sender) @@@ CRHMmain.cpp_nocom>
</void__fastcallTMain::OnHint(TObject*Sender) @@@ CRHMmain.cpp_nocom>
<void__fastcallTMain::OnHint(TObject*Sender) @@@ CRHMmain.cpp_nocom>
</void__fastcallTMain::OnHint(TObject*Sender) @@@ CRHMmain.cpp_nocom>
<void__fastcallTMain::OnHint(TObject*Sender) @@@ CRHMmain.cpp_nocom>
</void__fastcallTMain::OnHint(TObject*Sender) @@@ CRHMmain.cpp_nocom>
<void__fastcallTMain::daily1Click(TObject*Sender) @@@ CRHMmain.cpp_nocom>
<void__fastcallTPlotControl::PlotUpdateClick(TObject*Sender) @@@ UpdateForm.cpp_nocom>
<void__fastcallTPlotControl::FormClick(TObject*Sender) @@@ UpdateForm.cpp_nocom>
</void__fastcallTPlotControl::FormClick(TObject*Sender) @@@ UpdateForm.cpp_nocom>
</void__fastcallTPlotControl::PlotUpdateClick(TObject*Sender) @@@ UpdateForm.cpp_nocom>
</void__fastcallTMain::daily1Click(TObject*Sender) @@@ CRHMmain.cpp_nocom>
<void__fastcallTMain::OnHint(TObject*Sender) @@@ CRHMmain.cpp_nocom>
</void__fastcallTMain::OnHint(TObject*Sender) @@@ CRHMmain.cpp_nocom>
<void__fastcallTMain::OnHint(TObject*Sender) @@@ CRHMmain.cpp_nocom>
</void__fastcallTMain::OnHint(TObject*Sender) @@@ CRHMmain.cpp_nocom>
<void__fastcallTMain::OnHint(TObject*Sender) @@@ CRHMmain.cpp_nocom>
</void__fastcallTMain::OnHint(TObject*Sender) @@@ CRHMmain.cpp_nocom>
<void__fastcallTMain::OnHint(TObject*Sender) @@@ CRHMmain.cpp_nocom>
</void__fastcallTMain::OnHint(TObject*Sender) @@@ CRHMmain.cpp_nocom>
<void__fastcallTMain::OnHint(TObject*Sender) @@@ CRHMmain.cpp_nocom>
</void__fastcallTMain::OnHint(TObject*Sender) @@@ CRHMmain.cpp_nocom>
<void__fastcallTMain::OnHint(TObject*Sender) @@@ CRHMmain.cpp_nocom>
</void__fastcallTMain::OnHint(TObject*Sender) @@@ CRHMmain.cpp_nocom>
<void__fastcallTMain::OnHint(TObject*Sender) @@@ CRHMmain.cpp_nocom>
</void__fastcallTMain::OnHint(TObject*Sender) @@@ CRHMmain.cpp_nocom>
<void__fastcallTMain::weekly1Click(TObject*Sender) @@@ CRHMmain.cpp_nocom>
<void__fastcallTPlotControl::PlotUpdateClick(TObject*Sender) @@@ UpdateForm.cpp_nocom>
<void__fastcallTPlotControl::FormClick(TObject*Sender) @@@ UpdateForm.cpp_nocom>
</void__fastcallTPlotControl::FormClick(TObject*Sender) @@@ UpdateForm.cpp_nocom>
</void__fastcallTPlotControl::PlotUpdateClick(TObject*Sender) @@@ UpdateForm.cpp_nocom>
</void__fastcallTMain::weekly1Click(TObject*Sender) @@@ CRHMmain.cpp_nocom>
<void__fastcallTMain::OnHint(TObject*Sender) @@@ CRHMmain.cpp_nocom>
</void__fastcallTMain::OnHint(TObject*Sender) @@@ CRHMmain.cpp_nocom>
<void__fastcallTMain::OnHint(TObject*Sender) @@@ CRHMmain.cpp_nocom>
</void__fastcallTMain::OnHint(TObject*Sender) @@@ CRHMmain.cpp_nocom>
<void__fastcallTMain::OnHint(TObject*Sender) @@@ CRHMmain.cpp_nocom>
</void__fastcallTMain::OnHint(TObject*Sender) @@@ CRHMmain.cpp_nocom>
<void__fastcallTMain::OnHint(TObject*Sender) @@@ CRHMmain.cpp_nocom>
</void__fastcallTMain::OnHint(TObject*Sender) @@@ CRHMmain.cpp_nocom>
<void__fastcallTMain::OnHint(TObject*Sender) @@@ CRHMmain.cpp_nocom>
</void__fastcallTMain::OnHint(TObject*Sender) @@@ CRHMmain.cpp_nocom>
<void__fastcallTMain::OnHint(TObject*Sender) @@@ CRHMmain.cpp_nocom>
</void__fastcallTMain::OnHint(TObject*Sender) @@@ CRHMmain.cpp_nocom>
<void__fastcallTMain::OnHint(TObject*Sender) @@@ CRHMmain.cpp_nocom>
</void__fastcallTMain::OnHint(TObject*Sender) @@@ CRHMmain.cpp_nocom>
<void__fastcallTMain::atend1Click(TObject*Sender) @@@ CRHMmain.cpp_nocom>
<void__fastcallTPlotControl::PlotUpdateClick(TObject*Sender) @@@ UpdateForm.cpp_nocom>
<void__fastcallTPlotControl::FormClick(TObject*Sender) @@@ UpdateForm.cpp_nocom>
</void__fastcallTPlotControl::FormClick(TObject*Sender) @@@ UpdateForm.cpp_nocom>
</void__fastcallTPlotControl::PlotUpdateClick(TObject*Sender) @@@ UpdateForm.cpp_nocom>
</void__fastcallTMain::atend1Click(TObject*Sender) @@@ CRHMmain.cpp_nocom>
<void__fastcallTMain::OnHint(TObject*Sender) @@@ CRHMmain.cpp_nocom>
</void__fastcallTMain::OnHint(TObject*Sender) @@@ CRHMmain.cpp_nocom>
<void__fastcallTMain::OnHint(TObject*Sender) @@@ CRHMmain.cpp_nocom>
</void__fastcallTMain::OnHint(TObject*Sender) @@@ CRHMmain.cpp_nocom>
<void__fastcallTMain::OnHint(TObject*Sender) @@@ CRHMmain.cpp_nocom>
</void__fastcallTMain::OnHint(TObject*Sender) @@@ CRHMmain.cpp_nocom>
<void__fastcallTMain::OnHint(TObject*Sender) @@@ CRHMmain.cpp_nocom>
</void__fastcallTMain::OnHint(TObject*Sender) @@@ CRHMmain.cpp_nocom>
<void__fastcallTMain::OnHint(TObject*Sender) @@@ CRHMmain.cpp_nocom>
</void__fastcallTMain::OnHint(TObject*Sender) @@@ CRHMmain.cpp_nocom>
<void__fastcallTMain::OnHint(TObject*Sender) @@@ CRHMmain.cpp_nocom>
</void__fastcallTMain::OnHint(TObject*Sender) @@@ CRHMmain.cpp_nocom>
<void__fastcallTMain::OnHint(TObject*Sender) @@@ CRHMmain.cpp_nocom>
</void__fastcallTMain::OnHint(TObject*Sender) @@@ CRHMmain.cpp_nocom>
<void__fastcallTMain::OnHint(TObject*Sender) @@@ CRHMmain.cpp_nocom>
</void__fastcallTMain::OnHint(TObject*Sender) @@@ CRHMmain.cpp_nocom>
<void__fastcallTMain::OnHint(TObject*Sender) @@@ CRHMmain.cpp_nocom>
</void__fastcallTMain::OnHint(TObject*Sender) @@@ CRHMmain.cpp_nocom>
<void__fastcallTMain::OnHint(TObject*Sender) @@@ CRHMmain.cpp_nocom>
</void__fastcallTMain::OnHint(TObject*Sender) @@@ CRHMmain.cpp_nocom>
<void__fastcallTMain::yearly1Click(TObject*Sender) @@@ CRHMmain.cpp_nocom>
<void__fastcallTPlotControl::PlotUpdateClick(TObject*Sender) @@@ UpdateForm.cpp_nocom>
<void__fastcallTPlotControl::FormClick(TObject*Sender) @@@ UpdateForm.cpp_nocom>
</void__fastcallTPlotControl::FormClick(TObject*Sender) @@@ UpdateForm.cpp_nocom>
</void__fastcallTPlotControl::PlotUpdateClick(TObject*Sender) @@@ UpdateForm.cpp_nocom>
</void__fastcallTMain::yearly1Click(TObject*Sender) @@@ CRHMmain.cpp_nocom>
<void__fastcallTMain::OnHint(TObject*Sender) @@@ CRHMmain.cpp_nocom>
</void__fastcallTMain::OnHint(TObject*Sender) @@@ CRHMmain.cpp_nocom>
<void__fastcallTMain::OnHint(TObject*Sender) @@@ CRHMmain.cpp_nocom>
</void__fastcallTMain::OnHint(TObject*Sender) @@@ CRHMmain.cpp_nocom>
<void__fastcallTMain::OnHint(TObject*Sender) @@@ CRHMmain.cpp_nocom>
</void__fastcallTMain::OnHint(TObject*Sender) @@@ CRHMmain.cpp_nocom>
<void__fastcallTMain::OnHint(TObject*Sender) @@@ CRHMmain.cpp_nocom>
</void__fastcallTMain::OnHint(TObject*Sender) @@@ CRHMmain.cpp_nocom>
<void__fastcallTMain::OnHint(TObject*Sender) @@@ CRHMmain.cpp_nocom>
</void__fastcallTMain::OnHint(TObject*Sender) @@@ CRHMmain.cpp_nocom>
<void__fastcallTMain::OnHint(TObject*Sender) @@@ CRHMmain.cpp_nocom>
</void__fastcallTMain::OnHint(TObject*Sender) @@@ CRHMmain.cpp_nocom>
<void__fastcallTMain::OnHint(TObject*Sender) @@@ CRHMmain.cpp_nocom>
</void__fastcallTMain::OnHint(TObject*Sender) @@@ CRHMmain.cpp_nocom>
<void__fastcallTMain::OnHint(TObject*Sender) @@@ CRHMmain.cpp_nocom>
</void__fastcallTMain::OnHint(TObject*Sender) @@@ CRHMmain.cpp_nocom>
<void__fastcallTMain::biweekly1Click(TObject*Sender) @@@ CRHMmain.cpp_nocom>
<void__fastcallTPlotControl::PlotUpdateClick(TObject*Sender) @@@ UpdateForm.cpp_nocom>
<void__fastcallTPlotControl::FormClick(TObject*Sender) @@@ UpdateForm.cpp_nocom>
</void__fastcallTPlotControl::FormClick(TObject*Sender) @@@ UpdateForm.cpp_nocom>
</void__fastcallTPlotControl::PlotUpdateClick(TObject*Sender) @@@ UpdateForm.cpp_nocom>
</void__fastcallTMain::biweekly1Click(TObject*Sender) @@@ CRHMmain.cpp_nocom>
<void__fastcallTMain::OnHint(TObject*Sender) @@@ CRHMmain.cpp_nocom>
</void__fastcallTMain::OnHint(TObject*Sender) @@@ CRHMmain.cpp_nocom>
<void__fastcallTMain::OnHint(TObject*Sender) @@@ CRHMmain.cpp_nocom>
</void__fastcallTMain::OnHint(TObject*Sender) @@@ CRHMmain.cpp_nocom>
<void__fastcallTMain::OnHint(TObject*Sender) @@@ CRHMmain.cpp_nocom>
</void__fastcallTMain::OnHint(TObject*Sender) @@@ CRHMmain.cpp_nocom>
<void__fastcallTMain::OnHint(TObject*Sender) @@@ CRHMmain.cpp_nocom>
</void__fastcallTMain::OnHint(TObject*Sender) @@@ CRHMmain.cpp_nocom>
<void__fastcallTMain::OnHint(TObject*Sender) @@@ CRHMmain.cpp_nocom>
</void__fastcallTMain::OnHint(TObject*Sender) @@@ CRHMmain.cpp_nocom>
<void__fastcallTMain::OnHint(TObject*Sender) @@@ CRHMmain.cpp_nocom>
</void__fastcallTMain::OnHint(TObject*Sender) @@@ CRHMmain.cpp_nocom>
<void__fastcallTMain::OnHint(TObject*Sender) @@@ CRHMmain.cpp_nocom>
</void__fastcallTMain::OnHint(TObject*Sender) @@@ CRHMmain.cpp_nocom>
<void__fastcallTMain::OnHint(TObject*Sender) @@@ CRHMmain.cpp_nocom>
</void__fastcallTMain::OnHint(TObject*Sender) @@@ CRHMmain.cpp_nocom>
<void__fastcallTMain::OnHint(TObject*Sender) @@@ CRHMmain.cpp_nocom>
</void__fastcallTMain::OnHint(TObject*Sender) @@@ CRHMmain.cpp_nocom>
<void__fastcallTMain::OnHint(TObject*Sender) @@@ CRHMmain.cpp_nocom>
</void__fastcallTMain::OnHint(TObject*Sender) @@@ CRHMmain.cpp_nocom>
<void__fastcallTMain::OnHint(TObject*Sender) @@@ CRHMmain.cpp_nocom>
</void__fastcallTMain::OnHint(TObject*Sender) @@@ CRHMmain.cpp_nocom>
<void__fastcallTMain::OnHint(TObject*Sender) @@@ CRHMmain.cpp_nocom>
</void__fastcallTMain::OnHint(TObject*Sender) @@@ CRHMmain.cpp_nocom>
<void__fastcallTMain::OnHint(TObject*Sender) @@@ CRHMmain.cpp_nocom>
</void__fastcallTMain::OnHint(TObject*Sender) @@@ CRHMmain.cpp_nocom>
