<void__fastcallTMain::OnHint(TObject*Sender) @@@ CRHMmain.cpp_nocom>
</void__fastcallTMain::OnHint(TObject*Sender) @@@ CRHMmain.cpp_nocom>
<void__fastcallTMain::OnHint(TObject*Sender) @@@ CRHMmain.cpp_nocom>
</void__fastcallTMain::OnHint(TObject*Sender) @@@ CRHMmain.cpp_nocom>
<void__fastcallTMain::OnHint(TObject*Sender) @@@ CRHMmain.cpp_nocom>
</void__fastcallTMain::OnHint(TObject*Sender) @@@ CRHMmain.cpp_nocom>
<void__fastcallTMain::OnHint(TObject*Sender) @@@ CRHMmain.cpp_nocom>
</void__fastcallTMain::OnHint(TObject*Sender) @@@ CRHMmain.cpp_nocom>
<void__fastcallTMain::ExportClick(TObject*Sender) @@@ CRHMmain.cpp_nocom>
<void__fastcallTFileOutput::FormActivate(TObject*Sender) @@@ Export.cpp_nocom>
</void__fastcallTFileOutput::FormActivate(TObject*Sender) @@@ Export.cpp_nocom>
<void__fastcallTFileOutput::Button1Click(TObject*Sender) @@@ Export.cpp_nocom>
</void__fastcallTFileOutput::Button1Click(TObject*Sender) @@@ Export.cpp_nocom>
<void__fastcallTFileOutput::Button2Click(TObject*Sender) @@@ Export.cpp_nocom>
</void__fastcallTFileOutput::Button2Click(TObject*Sender) @@@ Export.cpp_nocom>
<void__fastcallTFileOutput::Button2Click(TObject*Sender) @@@ Export.cpp_nocom>
</void__fastcallTFileOutput::Button2Click(TObject*Sender) @@@ Export.cpp_nocom>
<void__fastcallTFileOutput::Button2Click(TObject*Sender) @@@ Export.cpp_nocom>
</void__fastcallTFileOutput::Button2Click(TObject*Sender) @@@ Export.cpp_nocom>
<void__fastcallTFileOutput::Button2Click(TObject*Sender) @@@ Export.cpp_nocom>
</void__fastcallTFileOutput::Button2Click(TObject*Sender) @@@ Export.cpp_nocom>
<void__fastcallTFileOutput::FormClose(TObject*Sender,TCloseAction&Action) @@@ Export.cpp_nocom>
</void__fastcallTFileOutput::FormClose(TObject*Sender,TCloseAction&Action) @@@ Export.cpp_nocom>
</void__fastcallTMain::ExportClick(TObject*Sender) @@@ CRHMmain.cpp_nocom>
<void__fastcallTMain::OnHint(TObject*Sender) @@@ CRHMmain.cpp_nocom>
</void__fastcallTMain::OnHint(TObject*Sender) @@@ CRHMmain.cpp_nocom>
<void__fastcallTMain::OnHint(TObject*Sender) @@@ CRHMmain.cpp_nocom>
</void__fastcallTMain::OnHint(TObject*Sender) @@@ CRHMmain.cpp_nocom>
